<?xml version="1.0" encoding="UTF-8"?>
<!-- Generated by org.testng.reporters.JUnitReportReporter -->
<testsuite hostname="DeskTop-Prakash" name="samplePackage.SampleTest" tests="10000" failures="0" timestamp="9 Jul 2017 05:48:48 GMT" time="48440.391" errors="4">
  <testcase name="test1" time="2.872" classname="samplePackage.SampleTest"/>
  <testcase name="test1" time="3.547" classname="samplePackage.SampleTest"/>
  <testcase name="test1" time="3.703" classname="samplePackage.SampleTest"/>
  <testcase name="test1" time="2.735" classname="samplePackage.SampleTest"/>
  <testcase name="test1" time="2.831" classname="samplePackage.SampleTest"/>
  <testcase name="test1" time="3.652" classname="samplePackage.SampleTest"/>
  <testcase name="test1" time="2.735" classname="samplePackage.SampleTest"/>
  <testcase name="test1" time="0.000" classname="samplePackage.SampleTest"/>
  <testcase name="test1" time="0.000" classname="samplePackage.SampleTest"/>
  <testcase name="test1" time="4.134" classname="samplePackage.SampleTest"/>
  <testcase name="test1" time="2.828" classname="samplePackage.SampleTest"/>
  <testcase name="test1" time="2.687" classname="samplePackage.SampleTest"/>
  <testcase name="test1" time="3.140" classname="samplePackage.SampleTest"/>
  <testcase name="test1" time="0.000" classname="samplePackage.SampleTest"/>
  <testcase name="test1" time="4.063" classname="samplePackage.SampleTest"/>
  <testcase name="test1" time="0.000" classname="samplePackage.SampleTest"/>
  <testcase name="test1" time="2.642" classname="samplePackage.SampleTest"/>
  <testcase name="test1" time="0.016" classname="samplePackage.SampleTest"/>
  <testcase name="test1" time="2.830" classname="samplePackage.SampleTest"/>
  <testcase name="test1" time="3.328" classname="samplePackage.SampleTest"/>
  <testcase name="test1" time="0.000" classname="samplePackage.SampleTest"/>
  <testcase name="test1" time="2.750" classname="samplePackage.SampleTest"/>
  <testcase name="test1" time="4.228" classname="samplePackage.SampleTest"/>
  <testcase name="test1" time="3.046" classname="samplePackage.SampleTest"/>
  <testcase name="test1" time="2.766" classname="samplePackage.SampleTest"/>
  <testcase name="test1" time="7.376" classname="samplePackage.SampleTest"/>
  <testcase name="test1" time="3.250" classname="samplePackage.SampleTest"/>
  <testcase name="test1" time="2.719" classname="samplePackage.SampleTest"/>
  <testcase name="test1" time="2.625" classname="samplePackage.SampleTest"/>
  <testcase name="test1" time="3.000" classname="samplePackage.SampleTest"/>
  <testcase name="test1" time="3.781" classname="samplePackage.SampleTest"/>
  <testcase name="test1" time="2.703" classname="samplePackage.SampleTest"/>
  <testcase name="test1" time="0.000" classname="samplePackage.SampleTest"/>
  <testcase name="test1" time="3.266" classname="samplePackage.SampleTest"/>
  <testcase name="test1" time="42.580" classname="samplePackage.SampleTest"/>
  <testcase name="test1" time="0.000" classname="samplePackage.SampleTest"/>
  <testcase name="test1" time="4.361" classname="samplePackage.SampleTest"/>
  <testcase name="test1" time="3.307" classname="samplePackage.SampleTest"/>
  <testcase name="test1" time="0.000" classname="samplePackage.SampleTest"/>
  <testcase name="test1" time="0.000" classname="samplePackage.SampleTest"/>
  <testcase name="test1" time="3.281" classname="samplePackage.SampleTest"/>
  <testcase name="test1" time="0.016" classname="samplePackage.SampleTest"/>
  <testcase name="test1" time="3.375" classname="samplePackage.SampleTest"/>
  <testcase name="test1" time="3.766" classname="samplePackage.SampleTest"/>
  <testcase name="test1" time="2.703" classname="samplePackage.SampleTest"/>
  <testcase name="test1" time="0.000" classname="samplePackage.SampleTest"/>
  <testcase name="test1" time="4.109" classname="samplePackage.SampleTest"/>
  <testcase name="test1" time="2.875" classname="samplePackage.SampleTest"/>
  <testcase name="test1" time="2.969" classname="samplePackage.SampleTest"/>
  <testcase name="test1" time="0.000" classname="samplePackage.SampleTest"/>
  <testcase name="test1" time="3.938" classname="samplePackage.SampleTest"/>
  <testcase name="test1" time="3.740" classname="samplePackage.SampleTest"/>
  <testcase name="test1" time="7.516" classname="samplePackage.SampleTest"/>
  <testcase name="test1" time="2.719" classname="samplePackage.SampleTest"/>
  <testcase name="test1" time="0.000" classname="samplePackage.SampleTest"/>
  <testcase name="test1" time="2.750" classname="samplePackage.SampleTest"/>
  <testcase name="test1" time="6.953" classname="samplePackage.SampleTest"/>
  <testcase name="test1" time="4.090" classname="samplePackage.SampleTest"/>
  <testcase name="test1" time="3.021" classname="samplePackage.SampleTest"/>
  <testcase name="test1" time="3.860" classname="samplePackage.SampleTest"/>
  <testcase name="test1" time="3.141" classname="samplePackage.SampleTest"/>
  <testcase name="test1" time="4.115" classname="samplePackage.SampleTest"/>
  <testcase name="test1" time="4.235" classname="samplePackage.SampleTest"/>
  <testcase name="test1" time="0.000" classname="samplePackage.SampleTest"/>
  <testcase name="test1" time="2.797" classname="samplePackage.SampleTest"/>
  <testcase name="test1" time="4.063" classname="samplePackage.SampleTest"/>
  <testcase name="test1" time="2.719" classname="samplePackage.SampleTest"/>
  <testcase name="test1" time="3.266" classname="samplePackage.SampleTest"/>
  <testcase name="test1" time="3.083" classname="samplePackage.SampleTest"/>
  <testcase name="test1" time="3.535" classname="samplePackage.SampleTest"/>
  <testcase name="test1" time="2.782" classname="samplePackage.SampleTest"/>
  <testcase name="test1" time="2.687" classname="samplePackage.SampleTest"/>
  <testcase name="test1" time="2.898" classname="samplePackage.SampleTest"/>
  <testcase name="test1" time="2.812" classname="samplePackage.SampleTest"/>
  <testcase name="test1" time="0.000" classname="samplePackage.SampleTest"/>
  <testcase name="test1" time="3.797" classname="samplePackage.SampleTest"/>
  <testcase name="test1" time="4.000" classname="samplePackage.SampleTest"/>
  <testcase name="test1" time="4.062" classname="samplePackage.SampleTest"/>
  <testcase name="test1" time="0.000" classname="samplePackage.SampleTest"/>
  <testcase name="test1" time="0.000" classname="samplePackage.SampleTest"/>
  <testcase name="test1" time="2.782" classname="samplePackage.SampleTest"/>
  <testcase name="test1" time="2.766" classname="samplePackage.SampleTest"/>
  <testcase name="test1" time="2.911" classname="samplePackage.SampleTest"/>
  <testcase name="test1" time="3.547" classname="samplePackage.SampleTest"/>
  <testcase name="test1" time="3.406" classname="samplePackage.SampleTest"/>
  <testcase name="test1" time="0.000" classname="samplePackage.SampleTest"/>
  <testcase name="test1" time="2.953" classname="samplePackage.SampleTest"/>
  <testcase name="test1" time="3.104" classname="samplePackage.SampleTest"/>
  <testcase name="test1" time="3.031" classname="samplePackage.SampleTest"/>
  <testcase name="test1" time="3.063" classname="samplePackage.SampleTest"/>
  <testcase name="test1" time="2.735" classname="samplePackage.SampleTest"/>
  <testcase name="test1" time="3.156" classname="samplePackage.SampleTest"/>
  <testcase name="test1" time="2.891" classname="samplePackage.SampleTest"/>
  <testcase name="test1" time="7.063" classname="samplePackage.SampleTest"/>
  <testcase name="test1" time="0.000" classname="samplePackage.SampleTest"/>
  <testcase name="test1" time="2.782" classname="samplePackage.SampleTest"/>
  <testcase name="test1" time="0.016" classname="samplePackage.SampleTest"/>
  <testcase name="test1" time="2.500" classname="samplePackage.SampleTest"/>
  <testcase name="test1" time="0.000" classname="samplePackage.SampleTest"/>
  <testcase name="test1" time="2.734" classname="samplePackage.SampleTest"/>
  <testcase name="test1" time="2.937" classname="samplePackage.SampleTest"/>
  <testcase name="test1" time="0.000" classname="samplePackage.SampleTest"/>
  <testcase name="test1" time="3.875" classname="samplePackage.SampleTest"/>
  <testcase name="test1" time="0.000" classname="samplePackage.SampleTest"/>
  <testcase name="test1" time="0.000" classname="samplePackage.SampleTest"/>
  <testcase name="test1" time="2.869" classname="samplePackage.SampleTest"/>
  <testcase name="test1" time="2.821" classname="samplePackage.SampleTest"/>
  <testcase name="test1" time="3.406" classname="samplePackage.SampleTest"/>
  <testcase name="test1" time="0.000" classname="samplePackage.SampleTest"/>
  <testcase name="test1" time="2.735" classname="samplePackage.SampleTest"/>
  <testcase name="test1" time="0.000" classname="samplePackage.SampleTest"/>
  <testcase name="test1" time="3.109" classname="samplePackage.SampleTest"/>
  <testcase name="test1" time="3.703" classname="samplePackage.SampleTest"/>
  <testcase name="test1" time="2.922" classname="samplePackage.SampleTest"/>
  <testcase name="test1" time="3.328" classname="samplePackage.SampleTest"/>
  <testcase name="test1" time="4.281" classname="samplePackage.SampleTest"/>
  <testcase name="test1" time="6.813" classname="samplePackage.SampleTest"/>
  <testcase name="test1" time="3.524" classname="samplePackage.SampleTest"/>
  <testcase name="test1" time="0.000" classname="samplePackage.SampleTest"/>
  <testcase name="test1" time="3.000" classname="samplePackage.SampleTest"/>
  <testcase name="test1" time="3.016" classname="samplePackage.SampleTest"/>
  <testcase name="test1" time="0.016" classname="samplePackage.SampleTest"/>
  <testcase name="test1" time="0.016" classname="samplePackage.SampleTest"/>
  <testcase name="test1" time="2.875" classname="samplePackage.SampleTest"/>
  <testcase name="test1" time="3.438" classname="samplePackage.SampleTest"/>
  <testcase name="test1" time="4.313" classname="samplePackage.SampleTest"/>
  <testcase name="test1" time="2.766" classname="samplePackage.SampleTest"/>
  <testcase name="test1" time="3.797" classname="samplePackage.SampleTest"/>
  <testcase name="test1" time="0.000" classname="samplePackage.SampleTest"/>
  <testcase name="test1" time="3.344" classname="samplePackage.SampleTest"/>
  <testcase name="test1" time="2.703" classname="samplePackage.SampleTest"/>
  <testcase name="test1" time="4.640" classname="samplePackage.SampleTest"/>
  <testcase name="test1" time="0.016" classname="samplePackage.SampleTest"/>
  <testcase name="test1" time="0.000" classname="samplePackage.SampleTest"/>
  <testcase name="test1" time="3.907" classname="samplePackage.SampleTest"/>
  <testcase name="test1" time="2.781" classname="samplePackage.SampleTest"/>
  <testcase name="test1" time="2.766" classname="samplePackage.SampleTest"/>
  <testcase name="test1" time="3.156" classname="samplePackage.SampleTest"/>
  <testcase name="test1" time="2.990" classname="samplePackage.SampleTest"/>
  <testcase name="test1" time="2.735" classname="samplePackage.SampleTest"/>
  <testcase name="test1" time="0.000" classname="samplePackage.SampleTest"/>
  <testcase name="test1" time="3.891" classname="samplePackage.SampleTest"/>
  <testcase name="test1" time="0.000" classname="samplePackage.SampleTest"/>
  <testcase name="test1" time="7.563" classname="samplePackage.SampleTest"/>
  <testcase name="test1" time="0.000" classname="samplePackage.SampleTest"/>
  <testcase name="test1" time="2.704" classname="samplePackage.SampleTest"/>
  <testcase name="test1" time="0.000" classname="samplePackage.SampleTest"/>
  <testcase name="test1" time="2.844" classname="samplePackage.SampleTest"/>
  <testcase name="test1" time="4.477" classname="samplePackage.SampleTest"/>
  <testcase name="test1" time="3.922" classname="samplePackage.SampleTest"/>
  <testcase name="test1" time="3.251" classname="samplePackage.SampleTest"/>
  <testcase name="test1" time="4.001" classname="samplePackage.SampleTest"/>
  <testcase name="test1" time="0.016" classname="samplePackage.SampleTest"/>
  <testcase name="test1" time="3.656" classname="samplePackage.SampleTest"/>
  <testcase name="test1" time="2.965" classname="samplePackage.SampleTest"/>
  <testcase name="test1" time="3.938" classname="samplePackage.SampleTest"/>
  <testcase name="test1" time="3.125" classname="samplePackage.SampleTest"/>
  <testcase name="test1" time="2.781" classname="samplePackage.SampleTest"/>
  <testcase name="test1" time="2.734" classname="samplePackage.SampleTest"/>
  <testcase name="test1" time="0.000" classname="samplePackage.SampleTest"/>
  <testcase name="test1" time="2.859" classname="samplePackage.SampleTest"/>
  <testcase name="test1" time="2.719" classname="samplePackage.SampleTest"/>
  <testcase name="test1" time="0.000" classname="samplePackage.SampleTest"/>
  <testcase name="test1" time="2.860" classname="samplePackage.SampleTest"/>
  <testcase name="test1" time="4.094" classname="samplePackage.SampleTest"/>
  <testcase name="test1" time="0.000" classname="samplePackage.SampleTest"/>
  <testcase name="test1" time="3.157" classname="samplePackage.SampleTest"/>
  <testcase name="test1" time="3.017" classname="samplePackage.SampleTest"/>
  <testcase name="test1" time="2.781" classname="samplePackage.SampleTest"/>
  <testcase name="test1" time="0.000" classname="samplePackage.SampleTest"/>
  <testcase name="test1" time="0.016" classname="samplePackage.SampleTest"/>
  <testcase name="test1" time="0.000" classname="samplePackage.SampleTest"/>
  <testcase name="test1" time="0.000" classname="samplePackage.SampleTest"/>
  <testcase name="test1" time="4.797" classname="samplePackage.SampleTest"/>
  <testcase name="test1" time="3.098" classname="samplePackage.SampleTest"/>
  <testcase name="test1" time="0.000" classname="samplePackage.SampleTest"/>
  <testcase name="test1" time="3.922" classname="samplePackage.SampleTest"/>
  <testcase name="test1" time="2.657" classname="samplePackage.SampleTest"/>
  <testcase name="test1" time="0.000" classname="samplePackage.SampleTest"/>
  <testcase name="test1" time="2.766" classname="samplePackage.SampleTest"/>
  <testcase name="test1" time="3.469" classname="samplePackage.SampleTest"/>
  <testcase name="test1" time="0.000" classname="samplePackage.SampleTest"/>
  <testcase name="test1" time="18.282" classname="samplePackage.SampleTest"/>
  <testcase name="test1" time="2.703" classname="samplePackage.SampleTest"/>
  <testcase name="test1" time="2.856" classname="samplePackage.SampleTest"/>
  <testcase name="test1" time="2.734" classname="samplePackage.SampleTest"/>
  <testcase name="test1" time="2.766" classname="samplePackage.SampleTest"/>
  <testcase name="test1" time="6.156" classname="samplePackage.SampleTest"/>
  <testcase name="test1" time="3.922" classname="samplePackage.SampleTest"/>
  <testcase name="test1" time="4.047" classname="samplePackage.SampleTest"/>
  <testcase name="test1" time="0.016" classname="samplePackage.SampleTest"/>
  <testcase name="test1" time="3.496" classname="samplePackage.SampleTest"/>
  <testcase name="test1" time="0.015" classname="samplePackage.SampleTest"/>
  <testcase name="test1" time="6.969" classname="samplePackage.SampleTest"/>
  <testcase name="test1" time="3.043" classname="samplePackage.SampleTest"/>
  <testcase name="test1" time="12.578" classname="samplePackage.SampleTest">
    <error type="org.openqa.selenium.WebDriverException" message="javax.net.ssl.SSLHandshakeException: Remote host closed connection during handshake
Build info: version: &#039;2.53.1&#039;, revision: &#039;a36b8b1&#039;, time: &#039;2016-06-30 17:32:46&#039;
System info: host: &#039;DeskTop-Prakash&#039;, ip: &#039;192.168.1.106&#039;, os.name: &#039;Windows 10&#039;, os.arch: &#039;amd64&#039;, os.version: &#039;10.0&#039;, java.version: &#039;1.8.0_131&#039;
Driver info: driver.version: HtmlUnitDriver">
      <![CDATA[org.openqa.selenium.WebDriverException: javax.net.ssl.SSLHandshakeException: Remote host closed connection during handshake
Build info: version: '2.53.1', revision: 'a36b8b1', time: '2016-06-30 17:32:46'
System info: host: 'DeskTop-Prakash', ip: '192.168.1.106', os.name: 'Windows 10', os.arch: 'amd64', os.version: '10.0', java.version: '1.8.0_131'
Driver info: driver.version: HtmlUnitDriver
	at org.openqa.selenium.htmlunit.HtmlUnitDriver.get(HtmlUnitDriver.java:554)
	at org.openqa.selenium.htmlunit.HtmlUnitDriver.get(HtmlUnitDriver.java:530)
	at org.openqa.selenium.htmlunit.HtmlUnitDriver$HtmlUnitNavigation.to(HtmlUnitDriver.java:1435)
	at samplePackage.SampleTest.test1(SampleTest.java:14)
	at sun.reflect.GeneratedMethodAccessor1.invoke(Unknown Source)
	at sun.reflect.DelegatingMethodAccessorImpl.invoke(Unknown Source)
	at java.lang.reflect.Method.invoke(Unknown Source)
	at org.testng.internal.MethodInvocationHelper.invokeMethod(MethodInvocationHelper.java:85)
	at org.testng.internal.Invoker.invokeMethod(Invoker.java:639)
	at org.testng.internal.Invoker.invokeTestMethod(Invoker.java:821)
	at org.testng.internal.Invoker.invokeTestMethods(Invoker.java:1131)
	at org.testng.internal.TestMethodWorker.invokeTestMethods(TestMethodWorker.java:124)
	at org.testng.internal.TestMethodWorker.run(TestMethodWorker.java:108)
	at org.testng.TestRunner.privateRun(TestRunner.java:773)
	at org.testng.TestRunner.run(TestRunner.java:623)
	at org.testng.SuiteRunner.runTest(SuiteRunner.java:357)
	at org.testng.SuiteRunner.runSequentially(SuiteRunner.java:352)
	at org.testng.SuiteRunner.privateRun(SuiteRunner.java:310)
	at org.testng.SuiteRunner.run(SuiteRunner.java:259)
	at org.testng.SuiteRunnerWorker.runSuite(SuiteRunnerWorker.java:52)
	at org.testng.SuiteRunnerWorker.run(SuiteRunnerWorker.java:86)
	at org.testng.TestNG.runSuitesSequentially(TestNG.java:1185)
	at org.testng.TestNG.runSuitesLocally(TestNG.java:1110)
	at org.testng.TestNG.run(TestNG.java:1018)
	at org.testng.TestNG.privateMain(TestNG.java:1325)
	at org.testng.TestNG.main(TestNG.java:1294)
Caused by: javax.net.ssl.SSLHandshakeException: Remote host closed connection during handshake
	at sun.security.ssl.SSLSocketImpl.readRecord(Unknown Source)
	at sun.security.ssl.SSLSocketImpl.performInitialHandshake(Unknown Source)
	at sun.security.ssl.SSLSocketImpl.startHandshake(Unknown Source)
	at sun.security.ssl.SSLSocketImpl.startHandshake(Unknown Source)
	at org.apache.http.conn.ssl.SSLConnectionSocketFactory.createLayeredSocket(SSLConnectionSocketFactory.java:394)
	at org.apache.http.conn.ssl.SSLConnectionSocketFactory.connectSocket(SSLConnectionSocketFactory.java:353)
	at com.gargoylesoftware.htmlunit.httpclient.HtmlUnitSSLConnectionSocketFactory.connectSocket(HtmlUnitSSLConnectionSocketFactory.java:189)
	at org.apache.http.impl.conn.DefaultHttpClientConnectionOperator.connect(DefaultHttpClientConnectionOperator.java:134)
	at org.apache.http.impl.conn.PoolingHttpClientConnectionManager.connect(PoolingHttpClientConnectionManager.java:353)
	at org.apache.http.impl.execchain.MainClientExec.establishRoute(MainClientExec.java:380)
	at org.apache.http.impl.execchain.MainClientExec.execute(MainClientExec.java:236)
	at org.apache.http.impl.execchain.ProtocolExec.execute(ProtocolExec.java:184)
	at org.apache.http.impl.execchain.RetryExec.execute(RetryExec.java:88)
	at org.apache.http.impl.execchain.RedirectExec.execute(RedirectExec.java:110)
	at org.apache.http.impl.client.InternalHttpClient.doExecute(InternalHttpClient.java:184)
	at org.apache.http.impl.client.CloseableHttpClient.execute(CloseableHttpClient.java:71)
	at com.gargoylesoftware.htmlunit.HttpWebConnection.getResponse(HttpWebConnection.java:179)
	at com.gargoylesoftware.htmlunit.WebClient.loadWebResponseFromWebConnection(WebClient.java:1321)
	at com.gargoylesoftware.htmlunit.WebClient.loadWebResponse(WebClient.java:1238)
	at com.gargoylesoftware.htmlunit.WebClient.getPage(WebClient.java:346)
	at com.gargoylesoftware.htmlunit.WebClient.getPage(WebClient.java:415)
	at org.openqa.selenium.htmlunit.HtmlUnitDriver.get(HtmlUnitDriver.java:541)
	... 25 more
Caused by: java.io.EOFException: SSL peer shut down incorrectly
	at sun.security.ssl.InputRecord.read(Unknown Source)
	... 47 more
]]>
    </error>
  </testcase> <!-- test1 -->
  <testcase name="test1" time="0.000" classname="samplePackage.SampleTest"/>
  <testcase name="test1" time="3.313" classname="samplePackage.SampleTest"/>
  <testcase name="test1" time="2.578" classname="samplePackage.SampleTest"/>
  <testcase name="test1" time="3.500" classname="samplePackage.SampleTest"/>
  <testcase name="test1" time="0.000" classname="samplePackage.SampleTest"/>
  <testcase name="test1" time="3.393" classname="samplePackage.SampleTest"/>
  <testcase name="test1" time="3.078" classname="samplePackage.SampleTest"/>
  <testcase name="test1" time="2.626" classname="samplePackage.SampleTest"/>
  <testcase name="test1" time="0.016" classname="samplePackage.SampleTest"/>
  <testcase name="test1" time="2.907" classname="samplePackage.SampleTest"/>
  <testcase name="test1" time="3.772" classname="samplePackage.SampleTest"/>
  <testcase name="test1" time="0.000" classname="samplePackage.SampleTest"/>
  <testcase name="test1" time="3.062" classname="samplePackage.SampleTest"/>
  <testcase name="test1" time="3.015" classname="samplePackage.SampleTest"/>
  <testcase name="test1" time="3.469" classname="samplePackage.SampleTest"/>
  <testcase name="test1" time="2.765" classname="samplePackage.SampleTest"/>
  <testcase name="test1" time="2.882" classname="samplePackage.SampleTest"/>
  <testcase name="test1" time="3.952" classname="samplePackage.SampleTest"/>
  <testcase name="test1" time="0.016" classname="samplePackage.SampleTest"/>
  <testcase name="test1" time="0.000" classname="samplePackage.SampleTest"/>
  <testcase name="test1" time="3.938" classname="samplePackage.SampleTest"/>
  <testcase name="test1" time="3.625" classname="samplePackage.SampleTest"/>
  <testcase name="test1" time="0.000" classname="samplePackage.SampleTest"/>
  <testcase name="test1" time="0.000" classname="samplePackage.SampleTest"/>
  <testcase name="test1" time="2.880" classname="samplePackage.SampleTest"/>
  <testcase name="test1" time="0.000" classname="samplePackage.SampleTest"/>
  <testcase name="test1" time="2.922" classname="samplePackage.SampleTest"/>
  <testcase name="test1" time="0.016" classname="samplePackage.SampleTest"/>
  <testcase name="test1" time="5.906" classname="samplePackage.SampleTest"/>
  <testcase name="test1" time="4.797" classname="samplePackage.SampleTest"/>
  <testcase name="test1" time="0.000" classname="samplePackage.SampleTest"/>
  <testcase name="test1" time="2.734" classname="samplePackage.SampleTest"/>
  <testcase name="test1" time="3.641" classname="samplePackage.SampleTest"/>
  <testcase name="test1" time="4.079" classname="samplePackage.SampleTest"/>
  <testcase name="test1" time="3.016" classname="samplePackage.SampleTest"/>
  <testcase name="test1" time="2.765" classname="samplePackage.SampleTest"/>
  <testcase name="test1" time="0.000" classname="samplePackage.SampleTest"/>
  <testcase name="test1" time="3.203" classname="samplePackage.SampleTest"/>
  <testcase name="test1" time="4.201" classname="samplePackage.SampleTest"/>
  <testcase name="test1" time="2.890" classname="samplePackage.SampleTest"/>
  <testcase name="test1" time="3.297" classname="samplePackage.SampleTest"/>
  <testcase name="test1" time="3.438" classname="samplePackage.SampleTest"/>
  <testcase name="test1" time="4.610" classname="samplePackage.SampleTest"/>
  <testcase name="test1" time="0.000" classname="samplePackage.SampleTest"/>
  <testcase name="test1" time="3.761" classname="samplePackage.SampleTest"/>
  <testcase name="test1" time="4.219" classname="samplePackage.SampleTest"/>
  <testcase name="test1" time="8.813" classname="samplePackage.SampleTest"/>
  <testcase name="test1" time="0.000" classname="samplePackage.SampleTest"/>
  <testcase name="test1" time="0.016" classname="samplePackage.SampleTest"/>
  <testcase name="test1" time="2.750" classname="samplePackage.SampleTest"/>
  <testcase name="test1" time="2.806" classname="samplePackage.SampleTest"/>
  <testcase name="test1" time="3.828" classname="samplePackage.SampleTest"/>
  <testcase name="test1" time="4.000" classname="samplePackage.SampleTest"/>
  <testcase name="test1" time="3.485" classname="samplePackage.SampleTest"/>
  <testcase name="test1" time="3.719" classname="samplePackage.SampleTest"/>
  <testcase name="test1" time="0.000" classname="samplePackage.SampleTest"/>
  <testcase name="test1" time="3.141" classname="samplePackage.SampleTest"/>
  <testcase name="test1" time="2.797" classname="samplePackage.SampleTest"/>
  <testcase name="test1" time="3.766" classname="samplePackage.SampleTest"/>
  <testcase name="test1" time="3.391" classname="samplePackage.SampleTest"/>
  <testcase name="test1" time="3.812" classname="samplePackage.SampleTest"/>
  <testcase name="test1" time="0.000" classname="samplePackage.SampleTest"/>
  <testcase name="test1" time="0.000" classname="samplePackage.SampleTest"/>
  <testcase name="test1" time="3.607" classname="samplePackage.SampleTest"/>
  <testcase name="test1" time="0.000" classname="samplePackage.SampleTest"/>
  <testcase name="test1" time="4.625" classname="samplePackage.SampleTest"/>
  <testcase name="test1" time="5.937" classname="samplePackage.SampleTest"/>
  <testcase name="test1" time="0.000" classname="samplePackage.SampleTest"/>
  <testcase name="test1" time="0.000" classname="samplePackage.SampleTest"/>
  <testcase name="test1" time="4.640" classname="samplePackage.SampleTest"/>
  <testcase name="test1" time="3.329" classname="samplePackage.SampleTest"/>
  <testcase name="test1" time="0.000" classname="samplePackage.SampleTest"/>
  <testcase name="test1" time="2.735" classname="samplePackage.SampleTest"/>
  <testcase name="test1" time="3.092" classname="samplePackage.SampleTest"/>
  <testcase name="test1" time="4.211" classname="samplePackage.SampleTest"/>
  <testcase name="test1" time="2.765" classname="samplePackage.SampleTest"/>
  <testcase name="test1" time="2.798" classname="samplePackage.SampleTest"/>
  <testcase name="test1" time="3.500" classname="samplePackage.SampleTest"/>
  <testcase name="test1" time="0.031" classname="samplePackage.SampleTest"/>
  <testcase name="test1" time="2.797" classname="samplePackage.SampleTest"/>
  <testcase name="test1" time="2.779" classname="samplePackage.SampleTest"/>
  <testcase name="test1" time="3.125" classname="samplePackage.SampleTest"/>
  <testcase name="test1" time="3.375" classname="samplePackage.SampleTest"/>
  <testcase name="test1" time="2.734" classname="samplePackage.SampleTest"/>
  <testcase name="test1" time="3.750" classname="samplePackage.SampleTest"/>
  <testcase name="test1" time="0.000" classname="samplePackage.SampleTest"/>
  <testcase name="test1" time="0.000" classname="samplePackage.SampleTest"/>
  <testcase name="test1" time="2.765" classname="samplePackage.SampleTest"/>
  <testcase name="test1" time="2.792" classname="samplePackage.SampleTest"/>
  <testcase name="test1" time="2.718" classname="samplePackage.SampleTest"/>
  <testcase name="test1" time="3.750" classname="samplePackage.SampleTest"/>
  <testcase name="test1" time="4.390" classname="samplePackage.SampleTest"/>
  <testcase name="test1" time="4.447" classname="samplePackage.SampleTest"/>
  <testcase name="test1" time="3.922" classname="samplePackage.SampleTest"/>
  <testcase name="test1" time="2.694" classname="samplePackage.SampleTest"/>
  <testcase name="test1" time="3.360" classname="samplePackage.SampleTest"/>
  <testcase name="test1" time="3.281" classname="samplePackage.SampleTest"/>
  <testcase name="test1" time="3.844" classname="samplePackage.SampleTest"/>
  <testcase name="test1" time="3.063" classname="samplePackage.SampleTest"/>
  <testcase name="test1" time="2.865" classname="samplePackage.SampleTest"/>
  <testcase name="test1" time="3.234" classname="samplePackage.SampleTest"/>
  <testcase name="test1" time="2.719" classname="samplePackage.SampleTest"/>
  <testcase name="test1" time="3.360" classname="samplePackage.SampleTest"/>
  <testcase name="test1" time="3.562" classname="samplePackage.SampleTest"/>
  <testcase name="test1" time="8.078" classname="samplePackage.SampleTest"/>
  <testcase name="test1" time="2.914" classname="samplePackage.SampleTest"/>
  <testcase name="test1" time="0.016" classname="samplePackage.SampleTest"/>
  <testcase name="test1" time="2.891" classname="samplePackage.SampleTest"/>
  <testcase name="test1" time="2.953" classname="samplePackage.SampleTest"/>
  <testcase name="test1" time="0.000" classname="samplePackage.SampleTest"/>
  <testcase name="test1" time="3.281" classname="samplePackage.SampleTest"/>
  <testcase name="test1" time="2.824" classname="samplePackage.SampleTest"/>
  <testcase name="test1" time="2.813" classname="samplePackage.SampleTest"/>
  <testcase name="test1" time="4.206" classname="samplePackage.SampleTest"/>
  <testcase name="test1" time="2.985" classname="samplePackage.SampleTest"/>
  <testcase name="test1" time="0.000" classname="samplePackage.SampleTest"/>
  <testcase name="test1" time="2.891" classname="samplePackage.SampleTest"/>
  <testcase name="test1" time="2.864" classname="samplePackage.SampleTest"/>
  <testcase name="test1" time="2.829" classname="samplePackage.SampleTest"/>
  <testcase name="test1" time="2.735" classname="samplePackage.SampleTest"/>
  <testcase name="test1" time="4.036" classname="samplePackage.SampleTest"/>
  <testcase name="test1" time="2.846" classname="samplePackage.SampleTest"/>
  <testcase name="test1" time="3.094" classname="samplePackage.SampleTest"/>
  <testcase name="test1" time="3.155" classname="samplePackage.SampleTest"/>
  <testcase name="test1" time="8.407" classname="samplePackage.SampleTest"/>
  <testcase name="test1" time="2.891" classname="samplePackage.SampleTest"/>
  <testcase name="test1" time="0.016" classname="samplePackage.SampleTest"/>
  <testcase name="test1" time="2.870" classname="samplePackage.SampleTest"/>
  <testcase name="test1" time="0.015" classname="samplePackage.SampleTest"/>
  <testcase name="test1" time="0.000" classname="samplePackage.SampleTest"/>
  <testcase name="test1" time="2.719" classname="samplePackage.SampleTest"/>
  <testcase name="test1" time="2.796" classname="samplePackage.SampleTest"/>
  <testcase name="test1" time="2.484" classname="samplePackage.SampleTest"/>
  <testcase name="test1" time="2.997" classname="samplePackage.SampleTest"/>
  <testcase name="test1" time="0.016" classname="samplePackage.SampleTest"/>
  <testcase name="test1" time="0.000" classname="samplePackage.SampleTest"/>
  <testcase name="test1" time="0.000" classname="samplePackage.SampleTest"/>
  <testcase name="test1" time="0.000" classname="samplePackage.SampleTest"/>
  <testcase name="test1" time="0.015" classname="samplePackage.SampleTest"/>
  <testcase name="test1" time="0.000" classname="samplePackage.SampleTest"/>
  <testcase name="test1" time="2.829" classname="samplePackage.SampleTest"/>
  <testcase name="test1" time="2.637" classname="samplePackage.SampleTest"/>
  <testcase name="test1" time="0.000" classname="samplePackage.SampleTest"/>
  <testcase name="test1" time="0.000" classname="samplePackage.SampleTest"/>
  <testcase name="test1" time="3.172" classname="samplePackage.SampleTest"/>
  <testcase name="test1" time="13.766" classname="samplePackage.SampleTest"/>
  <testcase name="test1" time="3.187" classname="samplePackage.SampleTest"/>
  <testcase name="test1" time="3.250" classname="samplePackage.SampleTest"/>
  <testcase name="test1" time="2.953" classname="samplePackage.SampleTest"/>
  <testcase name="test1" time="0.000" classname="samplePackage.SampleTest"/>
  <testcase name="test1" time="2.812" classname="samplePackage.SampleTest"/>
  <testcase name="test1" time="2.797" classname="samplePackage.SampleTest"/>
  <testcase name="test1" time="2.831" classname="samplePackage.SampleTest"/>
  <testcase name="test1" time="3.172" classname="samplePackage.SampleTest"/>
  <testcase name="test1" time="2.841" classname="samplePackage.SampleTest"/>
  <testcase name="test1" time="0.000" classname="samplePackage.SampleTest"/>
  <testcase name="test1" time="2.971" classname="samplePackage.SampleTest"/>
  <testcase name="test1" time="2.846" classname="samplePackage.SampleTest"/>
  <testcase name="test1" time="3.313" classname="samplePackage.SampleTest"/>
  <testcase name="test1" time="0.016" classname="samplePackage.SampleTest"/>
  <testcase name="test1" time="2.750" classname="samplePackage.SampleTest"/>
  <testcase name="test1" time="0.000" classname="samplePackage.SampleTest"/>
  <testcase name="test1" time="0.000" classname="samplePackage.SampleTest"/>
  <testcase name="test1" time="3.672" classname="samplePackage.SampleTest"/>
  <testcase name="test1" time="0.000" classname="samplePackage.SampleTest"/>
  <testcase name="test1" time="0.000" classname="samplePackage.SampleTest"/>
  <testcase name="test1" time="3.703" classname="samplePackage.SampleTest"/>
  <testcase name="test1" time="2.718" classname="samplePackage.SampleTest"/>
  <testcase name="test1" time="2.954" classname="samplePackage.SampleTest"/>
  <testcase name="test1" time="0.000" classname="samplePackage.SampleTest"/>
  <testcase name="test1" time="4.312" classname="samplePackage.SampleTest"/>
  <testcase name="test1" time="0.000" classname="samplePackage.SampleTest"/>
  <testcase name="test1" time="3.734" classname="samplePackage.SampleTest"/>
  <testcase name="test1" time="0.000" classname="samplePackage.SampleTest"/>
  <testcase name="test1" time="2.765" classname="samplePackage.SampleTest"/>
  <testcase name="test1" time="2.750" classname="samplePackage.SampleTest"/>
  <testcase name="test1" time="2.849" classname="samplePackage.SampleTest"/>
  <testcase name="test1" time="0.000" classname="samplePackage.SampleTest"/>
  <testcase name="test1" time="2.828" classname="samplePackage.SampleTest"/>
  <testcase name="test1" time="2.891" classname="samplePackage.SampleTest"/>
  <testcase name="test1" time="3.235" classname="samplePackage.SampleTest"/>
  <testcase name="test1" time="3.203" classname="samplePackage.SampleTest"/>
  <testcase name="test1" time="3.468" classname="samplePackage.SampleTest"/>
  <testcase name="test1" time="2.719" classname="samplePackage.SampleTest"/>
  <testcase name="test1" time="2.750" classname="samplePackage.SampleTest"/>
  <testcase name="test1" time="3.079" classname="samplePackage.SampleTest"/>
  <testcase name="test1" time="2.625" classname="samplePackage.SampleTest"/>
  <testcase name="test1" time="4.906" classname="samplePackage.SampleTest"/>
  <testcase name="test1" time="0.000" classname="samplePackage.SampleTest"/>
  <testcase name="test1" time="3.437" classname="samplePackage.SampleTest"/>
  <testcase name="test1" time="4.422" classname="samplePackage.SampleTest"/>
  <testcase name="test1" time="5.074" classname="samplePackage.SampleTest"/>
  <testcase name="test1" time="0.000" classname="samplePackage.SampleTest"/>
  <testcase name="test1" time="0.000" classname="samplePackage.SampleTest"/>
  <testcase name="test1" time="2.922" classname="samplePackage.SampleTest"/>
  <testcase name="test1" time="2.868" classname="samplePackage.SampleTest"/>
  <testcase name="test1" time="3.078" classname="samplePackage.SampleTest"/>
  <testcase name="test1" time="4.016" classname="samplePackage.SampleTest"/>
  <testcase name="test1" time="0.000" classname="samplePackage.SampleTest"/>
  <testcase name="test1" time="2.750" classname="samplePackage.SampleTest"/>
  <testcase name="test1" time="0.000" classname="samplePackage.SampleTest"/>
  <testcase name="test1" time="2.797" classname="samplePackage.SampleTest"/>
  <testcase name="test1" time="2.844" classname="samplePackage.SampleTest"/>
  <testcase name="test1" time="3.532" classname="samplePackage.SampleTest"/>
  <testcase name="test1" time="3.047" classname="samplePackage.SampleTest"/>
  <testcase name="test1" time="0.000" classname="samplePackage.SampleTest"/>
  <testcase name="test1" time="2.782" classname="samplePackage.SampleTest"/>
  <testcase name="test1" time="3.467" classname="samplePackage.SampleTest"/>
  <testcase name="test1" time="3.891" classname="samplePackage.SampleTest"/>
  <testcase name="test1" time="2.735" classname="samplePackage.SampleTest"/>
  <testcase name="test1" time="3.313" classname="samplePackage.SampleTest"/>
  <testcase name="test1" time="2.765" classname="samplePackage.SampleTest"/>
  <testcase name="test1" time="2.719" classname="samplePackage.SampleTest"/>
  <testcase name="test1" time="4.688" classname="samplePackage.SampleTest"/>
  <testcase name="test1" time="2.750" classname="samplePackage.SampleTest"/>
  <testcase name="test1" time="2.738" classname="samplePackage.SampleTest"/>
  <testcase name="test1" time="2.816" classname="samplePackage.SampleTest"/>
  <testcase name="test1" time="3.969" classname="samplePackage.SampleTest"/>
  <testcase name="test1" time="2.719" classname="samplePackage.SampleTest"/>
  <testcase name="test1" time="2.735" classname="samplePackage.SampleTest"/>
  <testcase name="test1" time="4.656" classname="samplePackage.SampleTest"/>
  <testcase name="test1" time="3.031" classname="samplePackage.SampleTest"/>
  <testcase name="test1" time="2.515" classname="samplePackage.SampleTest"/>
  <testcase name="test1" time="0.000" classname="samplePackage.SampleTest"/>
  <testcase name="test1" time="3.560" classname="samplePackage.SampleTest"/>
  <testcase name="test1" time="0.000" classname="samplePackage.SampleTest"/>
  <testcase name="test1" time="0.000" classname="samplePackage.SampleTest"/>
  <testcase name="test1" time="4.750" classname="samplePackage.SampleTest"/>
  <testcase name="test1" time="3.578" classname="samplePackage.SampleTest"/>
  <testcase name="test1" time="0.000" classname="samplePackage.SampleTest"/>
  <testcase name="test1" time="3.093" classname="samplePackage.SampleTest"/>
  <testcase name="test1" time="4.092" classname="samplePackage.SampleTest"/>
  <testcase name="test1" time="2.944" classname="samplePackage.SampleTest"/>
  <testcase name="test1" time="8.266" classname="samplePackage.SampleTest"/>
  <testcase name="test1" time="2.750" classname="samplePackage.SampleTest"/>
  <testcase name="test1" time="2.937" classname="samplePackage.SampleTest"/>
  <testcase name="test1" time="0.000" classname="samplePackage.SampleTest"/>
  <testcase name="test1" time="3.391" classname="samplePackage.SampleTest"/>
  <testcase name="test1" time="0.000" classname="samplePackage.SampleTest"/>
  <testcase name="test1" time="0.000" classname="samplePackage.SampleTest"/>
  <testcase name="test1" time="3.282" classname="samplePackage.SampleTest"/>
  <testcase name="test1" time="0.016" classname="samplePackage.SampleTest"/>
  <testcase name="test1" time="3.813" classname="samplePackage.SampleTest"/>
  <testcase name="test1" time="0.000" classname="samplePackage.SampleTest"/>
  <testcase name="test1" time="0.015" classname="samplePackage.SampleTest"/>
  <testcase name="test1" time="0.000" classname="samplePackage.SampleTest"/>
  <testcase name="test1" time="3.250" classname="samplePackage.SampleTest"/>
  <testcase name="test1" time="2.852" classname="samplePackage.SampleTest"/>
  <testcase name="test1" time="0.000" classname="samplePackage.SampleTest"/>
  <testcase name="test1" time="0.000" classname="samplePackage.SampleTest"/>
  <testcase name="test1" time="3.031" classname="samplePackage.SampleTest"/>
  <testcase name="test1" time="4.070" classname="samplePackage.SampleTest"/>
  <testcase name="test1" time="3.103" classname="samplePackage.SampleTest"/>
  <testcase name="test1" time="3.188" classname="samplePackage.SampleTest"/>
  <testcase name="test1" time="3.250" classname="samplePackage.SampleTest"/>
  <testcase name="test1" time="3.547" classname="samplePackage.SampleTest"/>
  <testcase name="test1" time="4.250" classname="samplePackage.SampleTest"/>
  <testcase name="test1" time="0.000" classname="samplePackage.SampleTest"/>
  <testcase name="test1" time="0.000" classname="samplePackage.SampleTest"/>
  <testcase name="test1" time="2.703" classname="samplePackage.SampleTest"/>
  <testcase name="test1" time="3.037" classname="samplePackage.SampleTest"/>
  <testcase name="test1" time="2.751" classname="samplePackage.SampleTest"/>
  <testcase name="test1" time="3.485" classname="samplePackage.SampleTest"/>
  <testcase name="test1" time="3.109" classname="samplePackage.SampleTest"/>
  <testcase name="test1" time="2.989" classname="samplePackage.SampleTest"/>
  <testcase name="test1" time="3.500" classname="samplePackage.SampleTest"/>
  <testcase name="test1" time="0.000" classname="samplePackage.SampleTest"/>
  <testcase name="test1" time="0.000" classname="samplePackage.SampleTest"/>
  <testcase name="test1" time="0.000" classname="samplePackage.SampleTest"/>
  <testcase name="test1" time="2.813" classname="samplePackage.SampleTest"/>
  <testcase name="test1" time="2.734" classname="samplePackage.SampleTest"/>
  <testcase name="test1" time="2.735" classname="samplePackage.SampleTest"/>
  <testcase name="test1" time="2.819" classname="samplePackage.SampleTest"/>
  <testcase name="test1" time="0.000" classname="samplePackage.SampleTest"/>
  <testcase name="test1" time="2.734" classname="samplePackage.SampleTest"/>
  <testcase name="test1" time="3.910" classname="samplePackage.SampleTest"/>
  <testcase name="test1" time="0.000" classname="samplePackage.SampleTest"/>
  <testcase name="test1" time="0.000" classname="samplePackage.SampleTest"/>
  <testcase name="test1" time="0.000" classname="samplePackage.SampleTest"/>
  <testcase name="test1" time="3.078" classname="samplePackage.SampleTest"/>
  <testcase name="test1" time="0.000" classname="samplePackage.SampleTest"/>
  <testcase name="test1" time="0.000" classname="samplePackage.SampleTest"/>
  <testcase name="test1" time="3.002" classname="samplePackage.SampleTest"/>
  <testcase name="test1" time="4.219" classname="samplePackage.SampleTest"/>
  <testcase name="test1" time="2.781" classname="samplePackage.SampleTest"/>
  <testcase name="test1" time="3.007" classname="samplePackage.SampleTest"/>
  <testcase name="test1" time="2.735" classname="samplePackage.SampleTest"/>
  <testcase name="test1" time="0.000" classname="samplePackage.SampleTest"/>
  <testcase name="test1" time="3.422" classname="samplePackage.SampleTest"/>
  <testcase name="test1" time="3.219" classname="samplePackage.SampleTest"/>
  <testcase name="test1" time="3.026" classname="samplePackage.SampleTest"/>
  <testcase name="test1" time="21.329" classname="samplePackage.SampleTest"/>
  <testcase name="test1" time="0.016" classname="samplePackage.SampleTest"/>
  <testcase name="test1" time="4.547" classname="samplePackage.SampleTest"/>
  <testcase name="test1" time="0.000" classname="samplePackage.SampleTest"/>
  <testcase name="test1" time="3.260" classname="samplePackage.SampleTest"/>
  <testcase name="test1" time="4.844" classname="samplePackage.SampleTest"/>
  <testcase name="test1" time="2.735" classname="samplePackage.SampleTest"/>
  <testcase name="test1" time="0.000" classname="samplePackage.SampleTest"/>
  <testcase name="test1" time="0.000" classname="samplePackage.SampleTest"/>
  <testcase name="test1" time="3.719" classname="samplePackage.SampleTest"/>
  <testcase name="test1" time="2.750" classname="samplePackage.SampleTest"/>
  <testcase name="test1" time="3.515" classname="samplePackage.SampleTest"/>
  <testcase name="test1" time="0.000" classname="samplePackage.SampleTest"/>
  <testcase name="test1" time="7.350" classname="samplePackage.SampleTest"/>
  <testcase name="test1" time="0.000" classname="samplePackage.SampleTest"/>
  <testcase name="test1" time="0.015" classname="samplePackage.SampleTest"/>
  <testcase name="test1" time="2.953" classname="samplePackage.SampleTest"/>
  <testcase name="test1" time="2.641" classname="samplePackage.SampleTest"/>
  <testcase name="test1" time="3.591" classname="samplePackage.SampleTest"/>
  <testcase name="test1" time="0.000" classname="samplePackage.SampleTest"/>
  <testcase name="test1" time="5.828" classname="samplePackage.SampleTest"/>
  <testcase name="test1" time="3.781" classname="samplePackage.SampleTest"/>
  <testcase name="test1" time="0.000" classname="samplePackage.SampleTest"/>
  <testcase name="test1" time="0.000" classname="samplePackage.SampleTest"/>
  <testcase name="test1" time="3.940" classname="samplePackage.SampleTest"/>
  <testcase name="test1" time="0.000" classname="samplePackage.SampleTest"/>
  <testcase name="test1" time="3.141" classname="samplePackage.SampleTest"/>
  <testcase name="test1" time="0.015" classname="samplePackage.SampleTest"/>
  <testcase name="test1" time="2.770" classname="samplePackage.SampleTest"/>
  <testcase name="test1" time="2.829" classname="samplePackage.SampleTest"/>
  <testcase name="test1" time="3.070" classname="samplePackage.SampleTest"/>
  <testcase name="test1" time="0.000" classname="samplePackage.SampleTest"/>
  <testcase name="test1" time="109.488" classname="samplePackage.SampleTest"/>
  <testcase name="test1" time="2.797" classname="samplePackage.SampleTest"/>
  <testcase name="test1" time="2.719" classname="samplePackage.SampleTest"/>
  <testcase name="test1" time="0.000" classname="samplePackage.SampleTest"/>
  <testcase name="test1" time="0.000" classname="samplePackage.SampleTest"/>
  <testcase name="test1" time="3.977" classname="samplePackage.SampleTest"/>
  <testcase name="test1" time="0.016" classname="samplePackage.SampleTest"/>
  <testcase name="test1" time="0.000" classname="samplePackage.SampleTest"/>
  <testcase name="test1" time="2.797" classname="samplePackage.SampleTest"/>
  <testcase name="test1" time="0.000" classname="samplePackage.SampleTest"/>
  <testcase name="test1" time="3.781" classname="samplePackage.SampleTest"/>
  <testcase name="test1" time="0.016" classname="samplePackage.SampleTest"/>
  <testcase name="test1" time="2.938" classname="samplePackage.SampleTest"/>
  <testcase name="test1" time="3.500" classname="samplePackage.SampleTest"/>
  <testcase name="test1" time="3.672" classname="samplePackage.SampleTest"/>
  <testcase name="test1" time="3.133" classname="samplePackage.SampleTest"/>
  <testcase name="test1" time="3.672" classname="samplePackage.SampleTest"/>
  <testcase name="test1" time="2.734" classname="samplePackage.SampleTest"/>
  <testcase name="test1" time="2.813" classname="samplePackage.SampleTest"/>
  <testcase name="test1" time="3.813" classname="samplePackage.SampleTest"/>
  <testcase name="test1" time="2.875" classname="samplePackage.SampleTest"/>
  <testcase name="test1" time="0.000" classname="samplePackage.SampleTest"/>
  <testcase name="test1" time="2.734" classname="samplePackage.SampleTest"/>
  <testcase name="test1" time="3.891" classname="samplePackage.SampleTest"/>
  <testcase name="test1" time="4.485" classname="samplePackage.SampleTest"/>
  <testcase name="test1" time="3.234" classname="samplePackage.SampleTest"/>
  <testcase name="test1" time="7.175" classname="samplePackage.SampleTest"/>
  <testcase name="test1" time="0.000" classname="samplePackage.SampleTest"/>
  <testcase name="test1" time="2.719" classname="samplePackage.SampleTest"/>
  <testcase name="test1" time="3.469" classname="samplePackage.SampleTest"/>
  <testcase name="test1" time="4.266" classname="samplePackage.SampleTest"/>
  <testcase name="test1" time="3.844" classname="samplePackage.SampleTest"/>
  <testcase name="test1" time="4.616" classname="samplePackage.SampleTest"/>
  <testcase name="test1" time="3.172" classname="samplePackage.SampleTest"/>
  <testcase name="test1" time="0.000" classname="samplePackage.SampleTest"/>
  <testcase name="test1" time="0.016" classname="samplePackage.SampleTest"/>
  <testcase name="test1" time="2.766" classname="samplePackage.SampleTest"/>
  <testcase name="test1" time="2.828" classname="samplePackage.SampleTest"/>
  <testcase name="test1" time="3.188" classname="samplePackage.SampleTest"/>
  <testcase name="test1" time="0.000" classname="samplePackage.SampleTest"/>
  <testcase name="test1" time="2.782" classname="samplePackage.SampleTest"/>
  <testcase name="test1" time="2.766" classname="samplePackage.SampleTest"/>
  <testcase name="test1" time="2.969" classname="samplePackage.SampleTest"/>
  <testcase name="test1" time="2.766" classname="samplePackage.SampleTest"/>
  <testcase name="test1" time="4.078" classname="samplePackage.SampleTest"/>
  <testcase name="test1" time="3.187" classname="samplePackage.SampleTest"/>
  <testcase name="test1" time="2.838" classname="samplePackage.SampleTest"/>
  <testcase name="test1" time="0.000" classname="samplePackage.SampleTest"/>
  <testcase name="test1" time="3.359" classname="samplePackage.SampleTest"/>
  <testcase name="test1" time="0.000" classname="samplePackage.SampleTest"/>
  <testcase name="test1" time="0.000" classname="samplePackage.SampleTest"/>
  <testcase name="test1" time="0.000" classname="samplePackage.SampleTest"/>
  <testcase name="test1" time="3.156" classname="samplePackage.SampleTest"/>
  <testcase name="test1" time="3.219" classname="samplePackage.SampleTest"/>
  <testcase name="test1" time="3.209" classname="samplePackage.SampleTest"/>
  <testcase name="test1" time="3.426" classname="samplePackage.SampleTest"/>
  <testcase name="test1" time="4.110" classname="samplePackage.SampleTest"/>
  <testcase name="test1" time="0.000" classname="samplePackage.SampleTest"/>
  <testcase name="test1" time="2.750" classname="samplePackage.SampleTest"/>
  <testcase name="test1" time="3.656" classname="samplePackage.SampleTest"/>
  <testcase name="test1" time="10.532" classname="samplePackage.SampleTest"/>
  <testcase name="test1" time="5.360" classname="samplePackage.SampleTest"/>
  <testcase name="test1" time="2.797" classname="samplePackage.SampleTest"/>
  <testcase name="test1" time="0.000" classname="samplePackage.SampleTest"/>
  <testcase name="test1" time="4.032" classname="samplePackage.SampleTest"/>
  <testcase name="test1" time="0.016" classname="samplePackage.SampleTest"/>
  <testcase name="test1" time="2.703" classname="samplePackage.SampleTest"/>
  <testcase name="test1" time="0.000" classname="samplePackage.SampleTest"/>
  <testcase name="test1" time="3.563" classname="samplePackage.SampleTest"/>
  <testcase name="test1" time="0.015" classname="samplePackage.SampleTest"/>
  <testcase name="test1" time="2.610" classname="samplePackage.SampleTest"/>
  <testcase name="test1" time="2.992" classname="samplePackage.SampleTest"/>
  <testcase name="test1" time="9.266" classname="samplePackage.SampleTest"/>
  <testcase name="test1" time="3.024" classname="samplePackage.SampleTest"/>
  <testcase name="test1" time="2.625" classname="samplePackage.SampleTest"/>
  <testcase name="test1" time="0.016" classname="samplePackage.SampleTest"/>
  <testcase name="test1" time="2.777" classname="samplePackage.SampleTest"/>
  <testcase name="test1" time="3.203" classname="samplePackage.SampleTest"/>
  <testcase name="test1" time="3.091" classname="samplePackage.SampleTest"/>
  <testcase name="test1" time="4.516" classname="samplePackage.SampleTest"/>
  <testcase name="test1" time="4.594" classname="samplePackage.SampleTest"/>
  <testcase name="test1" time="0.000" classname="samplePackage.SampleTest"/>
  <testcase name="test1" time="0.016" classname="samplePackage.SampleTest"/>
  <testcase name="test1" time="3.172" classname="samplePackage.SampleTest"/>
  <testcase name="test1" time="2.877" classname="samplePackage.SampleTest"/>
  <testcase name="test1" time="3.407" classname="samplePackage.SampleTest"/>
  <testcase name="test1" time="0.000" classname="samplePackage.SampleTest"/>
  <testcase name="test1" time="3.016" classname="samplePackage.SampleTest"/>
  <testcase name="test1" time="2.656" classname="samplePackage.SampleTest"/>
  <testcase name="test1" time="3.044" classname="samplePackage.SampleTest"/>
  <testcase name="test1" time="2.906" classname="samplePackage.SampleTest"/>
  <testcase name="test1" time="2.926" classname="samplePackage.SampleTest"/>
  <testcase name="test1" time="2.797" classname="samplePackage.SampleTest"/>
  <testcase name="test1" time="2.531" classname="samplePackage.SampleTest"/>
  <testcase name="test1" time="0.000" classname="samplePackage.SampleTest"/>
  <testcase name="test1" time="0.000" classname="samplePackage.SampleTest"/>
  <testcase name="test1" time="0.000" classname="samplePackage.SampleTest"/>
  <testcase name="test1" time="0.016" classname="samplePackage.SampleTest"/>
  <testcase name="test1" time="2.735" classname="samplePackage.SampleTest"/>
  <testcase name="test1" time="0.000" classname="samplePackage.SampleTest"/>
  <testcase name="test1" time="2.944" classname="samplePackage.SampleTest"/>
  <testcase name="test1" time="3.391" classname="samplePackage.SampleTest"/>
  <testcase name="test1" time="2.882" classname="samplePackage.SampleTest"/>
  <testcase name="test1" time="4.446" classname="samplePackage.SampleTest"/>
  <testcase name="test1" time="3.688" classname="samplePackage.SampleTest"/>
  <testcase name="test1" time="2.810" classname="samplePackage.SampleTest"/>
  <testcase name="test1" time="2.766" classname="samplePackage.SampleTest"/>
  <testcase name="test1" time="3.031" classname="samplePackage.SampleTest"/>
  <testcase name="test1" time="3.235" classname="samplePackage.SampleTest"/>
  <testcase name="test1" time="0.000" classname="samplePackage.SampleTest"/>
  <testcase name="test1" time="0.000" classname="samplePackage.SampleTest"/>
  <testcase name="test1" time="0.000" classname="samplePackage.SampleTest"/>
  <testcase name="test1" time="0.000" classname="samplePackage.SampleTest"/>
  <testcase name="test1" time="0.016" classname="samplePackage.SampleTest"/>
  <testcase name="test1" time="0.000" classname="samplePackage.SampleTest"/>
  <testcase name="test1" time="2.734" classname="samplePackage.SampleTest"/>
  <testcase name="test1" time="0.000" classname="samplePackage.SampleTest"/>
  <testcase name="test1" time="3.906" classname="samplePackage.SampleTest"/>
  <testcase name="test1" time="3.141" classname="samplePackage.SampleTest"/>
  <testcase name="test1" time="2.844" classname="samplePackage.SampleTest"/>
  <testcase name="test1" time="4.521" classname="samplePackage.SampleTest"/>
  <testcase name="test1" time="2.922" classname="samplePackage.SampleTest"/>
  <testcase name="test1" time="0.000" classname="samplePackage.SampleTest"/>
  <testcase name="test1" time="2.594" classname="samplePackage.SampleTest"/>
  <testcase name="test1" time="2.750" classname="samplePackage.SampleTest"/>
  <testcase name="test1" time="0.000" classname="samplePackage.SampleTest"/>
  <testcase name="test1" time="4.204" classname="samplePackage.SampleTest"/>
  <testcase name="test1" time="3.313" classname="samplePackage.SampleTest"/>
  <testcase name="test1" time="0.000" classname="samplePackage.SampleTest"/>
  <testcase name="test1" time="3.219" classname="samplePackage.SampleTest"/>
  <testcase name="test1" time="0.000" classname="samplePackage.SampleTest"/>
  <testcase name="test1" time="2.532" classname="samplePackage.SampleTest"/>
  <testcase name="test1" time="3.234" classname="samplePackage.SampleTest"/>
  <testcase name="test1" time="0.000" classname="samplePackage.SampleTest"/>
  <testcase name="test1" time="2.875" classname="samplePackage.SampleTest"/>
  <testcase name="test1" time="0.000" classname="samplePackage.SampleTest"/>
  <testcase name="test1" time="3.391" classname="samplePackage.SampleTest"/>
  <testcase name="test1" time="2.876" classname="samplePackage.SampleTest"/>
  <testcase name="test1" time="2.962" classname="samplePackage.SampleTest"/>
  <testcase name="test1" time="3.719" classname="samplePackage.SampleTest"/>
  <testcase name="test1" time="2.922" classname="samplePackage.SampleTest"/>
  <testcase name="test1" time="2.938" classname="samplePackage.SampleTest"/>
  <testcase name="test1" time="3.125" classname="samplePackage.SampleTest"/>
  <testcase name="test1" time="0.000" classname="samplePackage.SampleTest"/>
  <testcase name="test1" time="0.000" classname="samplePackage.SampleTest"/>
  <testcase name="test1" time="3.482" classname="samplePackage.SampleTest"/>
  <testcase name="test1" time="2.965" classname="samplePackage.SampleTest"/>
  <testcase name="test1" time="0.000" classname="samplePackage.SampleTest"/>
  <testcase name="test1" time="3.407" classname="samplePackage.SampleTest"/>
  <testcase name="test1" time="0.016" classname="samplePackage.SampleTest"/>
  <testcase name="test1" time="0.000" classname="samplePackage.SampleTest"/>
  <testcase name="test1" time="3.017" classname="samplePackage.SampleTest"/>
  <testcase name="test1" time="2.805" classname="samplePackage.SampleTest"/>
  <testcase name="test1" time="0.000" classname="samplePackage.SampleTest"/>
  <testcase name="test1" time="0.000" classname="samplePackage.SampleTest"/>
  <testcase name="test1" time="0.000" classname="samplePackage.SampleTest"/>
  <testcase name="test1" time="0.000" classname="samplePackage.SampleTest"/>
  <testcase name="test1" time="3.532" classname="samplePackage.SampleTest"/>
  <testcase name="test1" time="0.000" classname="samplePackage.SampleTest"/>
  <testcase name="test1" time="2.800" classname="samplePackage.SampleTest"/>
  <testcase name="test1" time="4.109" classname="samplePackage.SampleTest"/>
  <testcase name="test1" time="3.188" classname="samplePackage.SampleTest"/>
  <testcase name="test1" time="2.766" classname="samplePackage.SampleTest"/>
  <testcase name="test1" time="0.016" classname="samplePackage.SampleTest"/>
  <testcase name="test1" time="0.016" classname="samplePackage.SampleTest"/>
  <testcase name="test1" time="0.000" classname="samplePackage.SampleTest"/>
  <testcase name="test1" time="3.906" classname="samplePackage.SampleTest"/>
  <testcase name="test1" time="2.874" classname="samplePackage.SampleTest"/>
  <testcase name="test1" time="0.000" classname="samplePackage.SampleTest"/>
  <testcase name="test1" time="3.390" classname="samplePackage.SampleTest"/>
  <testcase name="test1" time="3.078" classname="samplePackage.SampleTest"/>
  <testcase name="test1" time="0.016" classname="samplePackage.SampleTest"/>
  <testcase name="test1" time="0.000" classname="samplePackage.SampleTest"/>
  <testcase name="test1" time="2.891" classname="samplePackage.SampleTest"/>
  <testcase name="test1" time="0.000" classname="samplePackage.SampleTest"/>
  <testcase name="test1" time="3.141" classname="samplePackage.SampleTest"/>
  <testcase name="test1" time="0.016" classname="samplePackage.SampleTest"/>
  <testcase name="test1" time="3.229" classname="samplePackage.SampleTest"/>
  <testcase name="test1" time="7.548" classname="samplePackage.SampleTest"/>
  <testcase name="test1" time="0.000" classname="samplePackage.SampleTest"/>
  <testcase name="test1" time="3.359" classname="samplePackage.SampleTest"/>
  <testcase name="test1" time="2.938" classname="samplePackage.SampleTest"/>
  <testcase name="test1" time="28.657" classname="samplePackage.SampleTest"/>
  <testcase name="test1" time="2.851" classname="samplePackage.SampleTest"/>
  <testcase name="test1" time="0.000" classname="samplePackage.SampleTest"/>
  <testcase name="test1" time="2.844" classname="samplePackage.SampleTest"/>
  <testcase name="test1" time="3.769" classname="samplePackage.SampleTest"/>
  <testcase name="test1" time="2.844" classname="samplePackage.SampleTest"/>
  <testcase name="test1" time="4.391" classname="samplePackage.SampleTest"/>
  <testcase name="test1" time="0.000" classname="samplePackage.SampleTest"/>
  <testcase name="test1" time="3.019" classname="samplePackage.SampleTest"/>
  <testcase name="test1" time="2.713" classname="samplePackage.SampleTest"/>
  <testcase name="test1" time="0.000" classname="samplePackage.SampleTest"/>
  <testcase name="test1" time="2.880" classname="samplePackage.SampleTest"/>
  <testcase name="test1" time="2.810" classname="samplePackage.SampleTest"/>
  <testcase name="test1" time="2.922" classname="samplePackage.SampleTest"/>
  <testcase name="test1" time="2.719" classname="samplePackage.SampleTest"/>
  <testcase name="test1" time="0.000" classname="samplePackage.SampleTest"/>
  <testcase name="test1" time="3.151" classname="samplePackage.SampleTest"/>
  <testcase name="test1" time="0.000" classname="samplePackage.SampleTest"/>
  <testcase name="test1" time="3.188" classname="samplePackage.SampleTest"/>
  <testcase name="test1" time="2.969" classname="samplePackage.SampleTest"/>
  <testcase name="test1" time="2.703" classname="samplePackage.SampleTest"/>
  <testcase name="test1" time="3.750" classname="samplePackage.SampleTest"/>
  <testcase name="test1" time="3.063" classname="samplePackage.SampleTest"/>
  <testcase name="test1" time="3.352" classname="samplePackage.SampleTest"/>
  <testcase name="test1" time="2.828" classname="samplePackage.SampleTest"/>
  <testcase name="test1" time="5.531" classname="samplePackage.SampleTest"/>
  <testcase name="test1" time="3.735" classname="samplePackage.SampleTest"/>
  <testcase name="test1" time="2.797" classname="samplePackage.SampleTest"/>
  <testcase name="test1" time="0.000" classname="samplePackage.SampleTest"/>
  <testcase name="test1" time="0.000" classname="samplePackage.SampleTest"/>
  <testcase name="test1" time="3.015" classname="samplePackage.SampleTest"/>
  <testcase name="test1" time="2.703" classname="samplePackage.SampleTest"/>
  <testcase name="test1" time="2.750" classname="samplePackage.SampleTest"/>
  <testcase name="test1" time="2.734" classname="samplePackage.SampleTest"/>
  <testcase name="test1" time="2.797" classname="samplePackage.SampleTest"/>
  <testcase name="test1" time="2.781" classname="samplePackage.SampleTest"/>
  <testcase name="test1" time="2.797" classname="samplePackage.SampleTest"/>
  <testcase name="test1" time="0.000" classname="samplePackage.SampleTest"/>
  <testcase name="test1" time="0.000" classname="samplePackage.SampleTest"/>
  <testcase name="test1" time="3.156" classname="samplePackage.SampleTest"/>
  <testcase name="test1" time="3.453" classname="samplePackage.SampleTest"/>
  <testcase name="test1" time="2.812" classname="samplePackage.SampleTest"/>
  <testcase name="test1" time="3.515" classname="samplePackage.SampleTest"/>
  <testcase name="test1" time="4.031" classname="samplePackage.SampleTest"/>
  <testcase name="test1" time="0.000" classname="samplePackage.SampleTest"/>
  <testcase name="test1" time="2.500" classname="samplePackage.SampleTest"/>
  <testcase name="test1" time="4.703" classname="samplePackage.SampleTest"/>
  <testcase name="test1" time="2.937" classname="samplePackage.SampleTest"/>
  <testcase name="test1" time="3.583" classname="samplePackage.SampleTest"/>
  <testcase name="test1" time="3.391" classname="samplePackage.SampleTest"/>
  <testcase name="test1" time="2.813" classname="samplePackage.SampleTest"/>
  <testcase name="test1" time="0.000" classname="samplePackage.SampleTest"/>
  <testcase name="test1" time="2.719" classname="samplePackage.SampleTest"/>
  <testcase name="test1" time="3.078" classname="samplePackage.SampleTest"/>
  <testcase name="test1" time="4.016" classname="samplePackage.SampleTest"/>
  <testcase name="test1" time="0.000" classname="samplePackage.SampleTest"/>
  <testcase name="test1" time="2.922" classname="samplePackage.SampleTest"/>
  <testcase name="test1" time="2.875" classname="samplePackage.SampleTest"/>
  <testcase name="test1" time="2.750" classname="samplePackage.SampleTest"/>
  <testcase name="test1" time="2.828" classname="samplePackage.SampleTest"/>
  <testcase name="test1" time="6.484" classname="samplePackage.SampleTest"/>
  <testcase name="test1" time="3.198" classname="samplePackage.SampleTest"/>
  <testcase name="test1" time="3.482" classname="samplePackage.SampleTest"/>
  <testcase name="test1" time="2.812" classname="samplePackage.SampleTest"/>
  <testcase name="test1" time="0.000" classname="samplePackage.SampleTest"/>
  <testcase name="test1" time="3.516" classname="samplePackage.SampleTest"/>
  <testcase name="test1" time="4.259" classname="samplePackage.SampleTest"/>
  <testcase name="test1" time="3.531" classname="samplePackage.SampleTest"/>
  <testcase name="test1" time="4.593" classname="samplePackage.SampleTest"/>
  <testcase name="test1" time="3.203" classname="samplePackage.SampleTest"/>
  <testcase name="test1" time="0.015" classname="samplePackage.SampleTest"/>
  <testcase name="test1" time="3.907" classname="samplePackage.SampleTest"/>
  <testcase name="test1" time="4.313" classname="samplePackage.SampleTest"/>
  <testcase name="test1" time="0.000" classname="samplePackage.SampleTest"/>
  <testcase name="test1" time="3.125" classname="samplePackage.SampleTest"/>
  <testcase name="test1" time="3.594" classname="samplePackage.SampleTest"/>
  <testcase name="test1" time="3.266" classname="samplePackage.SampleTest"/>
  <testcase name="test1" time="0.000" classname="samplePackage.SampleTest"/>
  <testcase name="test1" time="3.250" classname="samplePackage.SampleTest"/>
  <testcase name="test1" time="18.548" classname="samplePackage.SampleTest"/>
  <testcase name="test1" time="2.844" classname="samplePackage.SampleTest"/>
  <testcase name="test1" time="0.000" classname="samplePackage.SampleTest"/>
  <testcase name="test1" time="3.384" classname="samplePackage.SampleTest"/>
  <testcase name="test1" time="3.204" classname="samplePackage.SampleTest"/>
  <testcase name="test1" time="3.104" classname="samplePackage.SampleTest"/>
  <testcase name="test1" time="0.015" classname="samplePackage.SampleTest"/>
  <testcase name="test1" time="3.594" classname="samplePackage.SampleTest"/>
  <testcase name="test1" time="0.000" classname="samplePackage.SampleTest"/>
  <testcase name="test1" time="3.054" classname="samplePackage.SampleTest"/>
  <testcase name="test1" time="0.000" classname="samplePackage.SampleTest"/>
  <testcase name="test1" time="4.239" classname="samplePackage.SampleTest"/>
  <testcase name="test1" time="4.594" classname="samplePackage.SampleTest"/>
  <testcase name="test1" time="2.906" classname="samplePackage.SampleTest"/>
  <testcase name="test1" time="2.812" classname="samplePackage.SampleTest"/>
  <testcase name="test1" time="0.000" classname="samplePackage.SampleTest"/>
  <testcase name="test1" time="4.672" classname="samplePackage.SampleTest"/>
  <testcase name="test1" time="2.861" classname="samplePackage.SampleTest"/>
  <testcase name="test1" time="5.516" classname="samplePackage.SampleTest"/>
  <testcase name="test1" time="3.016" classname="samplePackage.SampleTest"/>
  <testcase name="test1" time="3.167" classname="samplePackage.SampleTest"/>
  <testcase name="test1" time="4.547" classname="samplePackage.SampleTest"/>
  <testcase name="test1" time="2.641" classname="samplePackage.SampleTest"/>
  <testcase name="test1" time="0.000" classname="samplePackage.SampleTest"/>
  <testcase name="test1" time="0.000" classname="samplePackage.SampleTest"/>
  <testcase name="test1" time="2.734" classname="samplePackage.SampleTest"/>
  <testcase name="test1" time="0.000" classname="samplePackage.SampleTest"/>
  <testcase name="test1" time="2.672" classname="samplePackage.SampleTest"/>
  <testcase name="test1" time="0.000" classname="samplePackage.SampleTest"/>
  <testcase name="test1" time="0.000" classname="samplePackage.SampleTest"/>
  <testcase name="test1" time="2.828" classname="samplePackage.SampleTest"/>
  <testcase name="test1" time="2.812" classname="samplePackage.SampleTest"/>
  <testcase name="test1" time="2.953" classname="samplePackage.SampleTest"/>
  <testcase name="test1" time="0.000" classname="samplePackage.SampleTest"/>
  <testcase name="test1" time="2.515" classname="samplePackage.SampleTest"/>
  <testcase name="test1" time="2.765" classname="samplePackage.SampleTest"/>
  <testcase name="test1" time="2.750" classname="samplePackage.SampleTest"/>
  <testcase name="test1" time="11.157" classname="samplePackage.SampleTest"/>
  <testcase name="test1" time="2.969" classname="samplePackage.SampleTest"/>
  <testcase name="test1" time="0.000" classname="samplePackage.SampleTest"/>
  <testcase name="test1" time="3.140" classname="samplePackage.SampleTest"/>
  <testcase name="test1" time="3.844" classname="samplePackage.SampleTest"/>
  <testcase name="test1" time="4.966" classname="samplePackage.SampleTest"/>
  <testcase name="test1" time="0.000" classname="samplePackage.SampleTest"/>
  <testcase name="test1" time="3.063" classname="samplePackage.SampleTest"/>
  <testcase name="test1" time="2.759" classname="samplePackage.SampleTest"/>
  <testcase name="test1" time="4.625" classname="samplePackage.SampleTest"/>
  <testcase name="test1" time="0.000" classname="samplePackage.SampleTest"/>
  <testcase name="test1" time="3.031" classname="samplePackage.SampleTest"/>
  <testcase name="test1" time="0.000" classname="samplePackage.SampleTest"/>
  <testcase name="test1" time="0.000" classname="samplePackage.SampleTest"/>
  <testcase name="test1" time="3.126" classname="samplePackage.SampleTest"/>
  <testcase name="test1" time="2.719" classname="samplePackage.SampleTest"/>
  <testcase name="test1" time="0.016" classname="samplePackage.SampleTest"/>
  <testcase name="test1" time="0.000" classname="samplePackage.SampleTest"/>
  <testcase name="test1" time="2.703" classname="samplePackage.SampleTest"/>
  <testcase name="test1" time="2.891" classname="samplePackage.SampleTest"/>
  <testcase name="test1" time="0.000" classname="samplePackage.SampleTest"/>
  <testcase name="test1" time="2.890" classname="samplePackage.SampleTest"/>
  <testcase name="test1" time="6.392" classname="samplePackage.SampleTest"/>
  <testcase name="test1" time="2.828" classname="samplePackage.SampleTest"/>
  <testcase name="test1" time="2.896" classname="samplePackage.SampleTest"/>
  <testcase name="test1" time="3.172" classname="samplePackage.SampleTest"/>
  <testcase name="test1" time="0.000" classname="samplePackage.SampleTest"/>
  <testcase name="test1" time="0.000" classname="samplePackage.SampleTest"/>
  <testcase name="test1" time="2.687" classname="samplePackage.SampleTest"/>
  <testcase name="test1" time="2.979" classname="samplePackage.SampleTest"/>
  <testcase name="test1" time="3.234" classname="samplePackage.SampleTest"/>
  <testcase name="test1" time="4.141" classname="samplePackage.SampleTest"/>
  <testcase name="test1" time="3.265" classname="samplePackage.SampleTest"/>
  <testcase name="test1" time="0.000" classname="samplePackage.SampleTest"/>
  <testcase name="test1" time="0.000" classname="samplePackage.SampleTest"/>
  <testcase name="test1" time="0.000" classname="samplePackage.SampleTest"/>
  <testcase name="test1" time="2.797" classname="samplePackage.SampleTest"/>
  <testcase name="test1" time="3.297" classname="samplePackage.SampleTest"/>
  <testcase name="test1" time="7.906" classname="samplePackage.SampleTest"/>
  <testcase name="test1" time="0.015" classname="samplePackage.SampleTest"/>
  <testcase name="test1" time="2.750" classname="samplePackage.SampleTest"/>
  <testcase name="test1" time="3.516" classname="samplePackage.SampleTest"/>
  <testcase name="test1" time="2.906" classname="samplePackage.SampleTest"/>
  <testcase name="test1" time="3.625" classname="samplePackage.SampleTest"/>
  <testcase name="test1" time="3.235" classname="samplePackage.SampleTest"/>
  <testcase name="test1" time="0.000" classname="samplePackage.SampleTest"/>
  <testcase name="test1" time="2.990" classname="samplePackage.SampleTest"/>
  <testcase name="test1" time="2.719" classname="samplePackage.SampleTest"/>
  <testcase name="test1" time="3.463" classname="samplePackage.SampleTest"/>
  <testcase name="test1" time="17.469" classname="samplePackage.SampleTest"/>
  <testcase name="test1" time="2.860" classname="samplePackage.SampleTest"/>
  <testcase name="test1" time="3.172" classname="samplePackage.SampleTest"/>
  <testcase name="test1" time="0.000" classname="samplePackage.SampleTest"/>
  <testcase name="test1" time="2.703" classname="samplePackage.SampleTest"/>
  <testcase name="test1" time="2.719" classname="samplePackage.SampleTest"/>
  <testcase name="test1" time="3.516" classname="samplePackage.SampleTest"/>
  <testcase name="test1" time="2.765" classname="samplePackage.SampleTest"/>
  <testcase name="test1" time="3.590" classname="samplePackage.SampleTest"/>
  <testcase name="test1" time="0.000" classname="samplePackage.SampleTest"/>
  <testcase name="test1" time="2.844" classname="samplePackage.SampleTest"/>
  <testcase name="test1" time="3.783" classname="samplePackage.SampleTest"/>
  <testcase name="test1" time="3.129" classname="samplePackage.SampleTest"/>
  <testcase name="test1" time="3.063" classname="samplePackage.SampleTest"/>
  <testcase name="test1" time="0.016" classname="samplePackage.SampleTest"/>
  <testcase name="test1" time="0.000" classname="samplePackage.SampleTest"/>
  <testcase name="test1" time="2.719" classname="samplePackage.SampleTest"/>
  <testcase name="test1" time="3.578" classname="samplePackage.SampleTest"/>
  <testcase name="test1" time="2.957" classname="samplePackage.SampleTest"/>
  <testcase name="test1" time="2.704" classname="samplePackage.SampleTest"/>
  <testcase name="test1" time="3.109" classname="samplePackage.SampleTest"/>
  <testcase name="test1" time="0.000" classname="samplePackage.SampleTest"/>
  <testcase name="test1" time="0.000" classname="samplePackage.SampleTest"/>
  <testcase name="test1" time="0.000" classname="samplePackage.SampleTest"/>
  <testcase name="test1" time="2.847" classname="samplePackage.SampleTest"/>
  <testcase name="test1" time="0.000" classname="samplePackage.SampleTest"/>
  <testcase name="test1" time="3.500" classname="samplePackage.SampleTest"/>
  <testcase name="test1" time="3.328" classname="samplePackage.SampleTest"/>
  <testcase name="test1" time="0.000" classname="samplePackage.SampleTest"/>
  <testcase name="test1" time="3.156" classname="samplePackage.SampleTest"/>
  <testcase name="test1" time="0.000" classname="samplePackage.SampleTest"/>
  <testcase name="test1" time="2.987" classname="samplePackage.SampleTest"/>
  <testcase name="test1" time="2.794" classname="samplePackage.SampleTest"/>
  <testcase name="test1" time="0.000" classname="samplePackage.SampleTest"/>
  <testcase name="test1" time="2.875" classname="samplePackage.SampleTest"/>
  <testcase name="test1" time="0.000" classname="samplePackage.SampleTest"/>
  <testcase name="test1" time="2.734" classname="samplePackage.SampleTest"/>
  <testcase name="test1" time="0.015" classname="samplePackage.SampleTest"/>
  <testcase name="test1" time="3.625" classname="samplePackage.SampleTest"/>
  <testcase name="test1" time="2.896" classname="samplePackage.SampleTest"/>
  <testcase name="test1" time="3.640" classname="samplePackage.SampleTest"/>
  <testcase name="test1" time="2.891" classname="samplePackage.SampleTest"/>
  <testcase name="test1" time="2.750" classname="samplePackage.SampleTest"/>
  <testcase name="test1" time="3.328" classname="samplePackage.SampleTest"/>
  <testcase name="test1" time="0.000" classname="samplePackage.SampleTest"/>
  <testcase name="test1" time="3.907" classname="samplePackage.SampleTest"/>
  <testcase name="test1" time="3.638" classname="samplePackage.SampleTest"/>
  <testcase name="test1" time="2.766" classname="samplePackage.SampleTest"/>
  <testcase name="test1" time="0.000" classname="samplePackage.SampleTest"/>
  <testcase name="test1" time="3.125" classname="samplePackage.SampleTest"/>
  <testcase name="test1" time="3.025" classname="samplePackage.SampleTest"/>
  <testcase name="test1" time="2.991" classname="samplePackage.SampleTest"/>
  <testcase name="test1" time="3.188" classname="samplePackage.SampleTest"/>
  <testcase name="test1" time="2.750" classname="samplePackage.SampleTest"/>
  <testcase name="test1" time="0.000" classname="samplePackage.SampleTest"/>
  <testcase name="test1" time="2.954" classname="samplePackage.SampleTest"/>
  <testcase name="test1" time="2.781" classname="samplePackage.SampleTest"/>
  <testcase name="test1" time="3.118" classname="samplePackage.SampleTest"/>
  <testcase name="test1" time="3.453" classname="samplePackage.SampleTest"/>
  <testcase name="test1" time="0.000" classname="samplePackage.SampleTest"/>
  <testcase name="test1" time="3.610" classname="samplePackage.SampleTest"/>
  <testcase name="test1" time="2.750" classname="samplePackage.SampleTest"/>
  <testcase name="test1" time="6.954" classname="samplePackage.SampleTest"/>
  <testcase name="test1" time="2.750" classname="samplePackage.SampleTest"/>
  <testcase name="test1" time="2.703" classname="samplePackage.SampleTest"/>
  <testcase name="test1" time="3.593" classname="samplePackage.SampleTest"/>
  <testcase name="test1" time="2.938" classname="samplePackage.SampleTest"/>
  <testcase name="test1" time="2.766" classname="samplePackage.SampleTest"/>
  <testcase name="test1" time="5.391" classname="samplePackage.SampleTest"/>
  <testcase name="test1" time="2.828" classname="samplePackage.SampleTest"/>
  <testcase name="test1" time="2.837" classname="samplePackage.SampleTest"/>
  <testcase name="test1" time="5.563" classname="samplePackage.SampleTest"/>
  <testcase name="test1" time="2.881" classname="samplePackage.SampleTest"/>
  <testcase name="test1" time="3.906" classname="samplePackage.SampleTest"/>
  <testcase name="test1" time="3.860" classname="samplePackage.SampleTest"/>
  <testcase name="test1" time="4.126" classname="samplePackage.SampleTest"/>
  <testcase name="test1" time="4.375" classname="samplePackage.SampleTest"/>
  <testcase name="test1" time="2.531" classname="samplePackage.SampleTest"/>
  <testcase name="test1" time="4.031" classname="samplePackage.SampleTest"/>
  <testcase name="test1" time="2.961" classname="samplePackage.SampleTest"/>
  <testcase name="test1" time="3.797" classname="samplePackage.SampleTest"/>
  <testcase name="test1" time="3.000" classname="samplePackage.SampleTest"/>
  <testcase name="test1" time="2.942" classname="samplePackage.SampleTest"/>
  <testcase name="test1" time="0.000" classname="samplePackage.SampleTest"/>
  <testcase name="test1" time="3.266" classname="samplePackage.SampleTest"/>
  <testcase name="test1" time="3.297" classname="samplePackage.SampleTest"/>
  <testcase name="test1" time="2.500" classname="samplePackage.SampleTest"/>
  <testcase name="test1" time="2.672" classname="samplePackage.SampleTest"/>
  <testcase name="test1" time="3.406" classname="samplePackage.SampleTest"/>
  <testcase name="test1" time="2.922" classname="samplePackage.SampleTest"/>
  <testcase name="test1" time="0.000" classname="samplePackage.SampleTest"/>
  <testcase name="test1" time="3.626" classname="samplePackage.SampleTest"/>
  <testcase name="test1" time="0.000" classname="samplePackage.SampleTest"/>
  <testcase name="test1" time="2.750" classname="samplePackage.SampleTest"/>
  <testcase name="test1" time="0.016" classname="samplePackage.SampleTest"/>
  <testcase name="test1" time="3.672" classname="samplePackage.SampleTest"/>
  <testcase name="test1" time="4.625" classname="samplePackage.SampleTest"/>
  <testcase name="test1" time="3.297" classname="samplePackage.SampleTest"/>
  <testcase name="test1" time="2.891" classname="samplePackage.SampleTest"/>
  <testcase name="test1" time="3.266" classname="samplePackage.SampleTest"/>
  <testcase name="test1" time="0.000" classname="samplePackage.SampleTest"/>
  <testcase name="test1" time="0.016" classname="samplePackage.SampleTest"/>
  <testcase name="test1" time="2.938" classname="samplePackage.SampleTest"/>
  <testcase name="test1" time="3.172" classname="samplePackage.SampleTest"/>
  <testcase name="test1" time="4.062" classname="samplePackage.SampleTest"/>
  <testcase name="test1" time="0.000" classname="samplePackage.SampleTest"/>
[...]
  <testcase name="test1" time="2.875" classname="samplePackage.SampleTest"/>
  <testcase name="test1" time="2.531" classname="samplePackage.SampleTest"/>
  <testcase name="test1" time="3.250" classname="samplePackage.SampleTest"/>
  <testcase name="test1" time="2.718" classname="samplePackage.SampleTest"/>
  <testcase name="test1" time="0.000" classname="samplePackage.SampleTest"/>
  <testcase name="test1" time="2.718" classname="samplePackage.SampleTest"/>
  <testcase name="test1" time="0.000" classname="samplePackage.SampleTest"/>
  <testcase name="test1" time="3.359" classname="samplePackage.SampleTest"/>
  <testcase name="test1" time="2.687" classname="samplePackage.SampleTest"/>
  <testcase name="test1" time="5.453" classname="samplePackage.SampleTest"/>
  <testcase name="test1" time="3.294" classname="samplePackage.SampleTest"/>
  <testcase name="test1" time="3.156" classname="samplePackage.SampleTest"/>
  <testcase name="test1" time="0.000" classname="samplePackage.SampleTest"/>
  <testcase name="test1" time="2.859" classname="samplePackage.SampleTest"/>
  <testcase name="test1" time="0.000" classname="samplePackage.SampleTest"/>
  <testcase name="test1" time="3.867" classname="samplePackage.SampleTest"/>
  <testcase name="test1" time="3.937" classname="samplePackage.SampleTest"/>
  <testcase name="test1" time="3.406" classname="samplePackage.SampleTest"/>
  <testcase name="test1" time="0.000" classname="samplePackage.SampleTest"/>
  <testcase name="test1" time="3.031" classname="samplePackage.SampleTest"/>
  <testcase name="test1" time="2.875" classname="samplePackage.SampleTest"/>
  <testcase name="test1" time="0.000" classname="samplePackage.SampleTest"/>
  <testcase name="test1" time="3.657" classname="samplePackage.SampleTest"/>
  <testcase name="test1" time="2.868" classname="samplePackage.SampleTest"/>
  <testcase name="test1" time="2.781" classname="samplePackage.SampleTest"/>
  <testcase name="test1" time="7.375" classname="samplePackage.SampleTest"/>
  <testcase name="test1" time="2.880" classname="samplePackage.SampleTest"/>
  <testcase name="test1" time="2.882" classname="samplePackage.SampleTest"/>
  <testcase name="test1" time="2.719" classname="samplePackage.SampleTest"/>
  <testcase name="test1" time="0.016" classname="samplePackage.SampleTest"/>
  <testcase name="test1" time="3.141" classname="samplePackage.SampleTest"/>
  <testcase name="test1" time="2.765" classname="samplePackage.SampleTest"/>
  <testcase name="test1" time="0.000" classname="samplePackage.SampleTest"/>
  <testcase name="test1" time="2.907" classname="samplePackage.SampleTest"/>
  <testcase name="test1" time="7.824" classname="samplePackage.SampleTest"/>
  <testcase name="test1" time="2.844" classname="samplePackage.SampleTest"/>
  <testcase name="test1" time="0.000" classname="samplePackage.SampleTest"/>
  <testcase name="test1" time="3.250" classname="samplePackage.SampleTest"/>
  <testcase name="test1" time="3.591" classname="samplePackage.SampleTest"/>
  <testcase name="test1" time="4.110" classname="samplePackage.SampleTest"/>
  <testcase name="test1" time="0.000" classname="samplePackage.SampleTest"/>
  <testcase name="test1" time="2.674" classname="samplePackage.SampleTest"/>
  <testcase name="test1" time="0.000" classname="samplePackage.SampleTest"/>
  <testcase name="test1" time="4.234" classname="samplePackage.SampleTest"/>
  <testcase name="test1" time="3.406" classname="samplePackage.SampleTest"/>
  <testcase name="test1" time="3.172" classname="samplePackage.SampleTest"/>
  <testcase name="test1" time="3.250" classname="samplePackage.SampleTest"/>
  <testcase name="test1" time="0.016" classname="samplePackage.SampleTest"/>
  <testcase name="test1" time="3.328" classname="samplePackage.SampleTest"/>
  <testcase name="test1" time="0.000" classname="samplePackage.SampleTest"/>
  <testcase name="test1" time="3.188" classname="samplePackage.SampleTest"/>
  <testcase name="test1" time="4.187" classname="samplePackage.SampleTest"/>
  <testcase name="test1" time="2.719" classname="samplePackage.SampleTest"/>
  <testcase name="test1" time="0.000" classname="samplePackage.SampleTest"/>
  <testcase name="test1" time="2.984" classname="samplePackage.SampleTest"/>
  <testcase name="test1" time="0.000" classname="samplePackage.SampleTest"/>
  <testcase name="test1" time="0.000" classname="samplePackage.SampleTest"/>
  <testcase name="test1" time="2.781" classname="samplePackage.SampleTest"/>
  <testcase name="test1" time="3.844" classname="samplePackage.SampleTest"/>
  <testcase name="test1" time="3.391" classname="samplePackage.SampleTest"/>
  <testcase name="test1" time="3.156" classname="samplePackage.SampleTest"/>
  <testcase name="test1" time="3.260" classname="samplePackage.SampleTest"/>
  <testcase name="test1" time="2.813" classname="samplePackage.SampleTest"/>
  <testcase name="test1" time="3.391" classname="samplePackage.SampleTest"/>
  <testcase name="test1" time="0.000" classname="samplePackage.SampleTest"/>
  <testcase name="test1" time="4.860" classname="samplePackage.SampleTest"/>
  <testcase name="test1" time="2.703" classname="samplePackage.SampleTest"/>
  <testcase name="test1" time="0.000" classname="samplePackage.SampleTest"/>
  <testcase name="test1" time="3.617" classname="samplePackage.SampleTest"/>
  <testcase name="test1" time="3.227" classname="samplePackage.SampleTest"/>
  <testcase name="test1" time="2.984" classname="samplePackage.SampleTest"/>
  <testcase name="test1" time="2.873" classname="samplePackage.SampleTest"/>
  <testcase name="test1" time="0.000" classname="samplePackage.SampleTest"/>
  <testcase name="test1" time="3.047" classname="samplePackage.SampleTest"/>
  <testcase name="test1" time="0.016" classname="samplePackage.SampleTest"/>
  <testcase name="test1" time="2.735" classname="samplePackage.SampleTest"/>
  <testcase name="test1" time="6.828" classname="samplePackage.SampleTest"/>
  <testcase name="test1" time="2.750" classname="samplePackage.SampleTest"/>
  <testcase name="test1" time="2.735" classname="samplePackage.SampleTest"/>
  <testcase name="test1" time="2.884" classname="samplePackage.SampleTest"/>
  <testcase name="test1" time="0.016" classname="samplePackage.SampleTest"/>
  <testcase name="test1" time="22.751" classname="samplePackage.SampleTest"/>
  <testcase name="test1" time="3.017" classname="samplePackage.SampleTest"/>
  <testcase name="test1" time="0.015" classname="samplePackage.SampleTest"/>
  <testcase name="test1" time="0.000" classname="samplePackage.SampleTest"/>
  <testcase name="test1" time="3.407" classname="samplePackage.SampleTest"/>
  <testcase name="test1" time="0.015" classname="samplePackage.SampleTest"/>
  <testcase name="test1" time="2.656" classname="samplePackage.SampleTest"/>
  <testcase name="test1" time="2.719" classname="samplePackage.SampleTest"/>
  <testcase name="test1" time="2.816" classname="samplePackage.SampleTest"/>
  <testcase name="test1" time="2.872" classname="samplePackage.SampleTest"/>
  <testcase name="test1" time="2.563" classname="samplePackage.SampleTest"/>
  <testcase name="test1" time="7.719" classname="samplePackage.SampleTest"/>
  <testcase name="test1" time="3.944" classname="samplePackage.SampleTest"/>
  <testcase name="test1" time="3.125" classname="samplePackage.SampleTest"/>
  <testcase name="test1" time="3.875" classname="samplePackage.SampleTest"/>
  <testcase name="test1" time="2.763" classname="samplePackage.SampleTest"/>
  <testcase name="test1" time="3.328" classname="samplePackage.SampleTest"/>
  <testcase name="test1" time="0.000" classname="samplePackage.SampleTest"/>
  <testcase name="test1" time="0.000" classname="samplePackage.SampleTest"/>
  <testcase name="test1" time="3.609" classname="samplePackage.SampleTest"/>
  <testcase name="test1" time="2.859" classname="samplePackage.SampleTest"/>
  <testcase name="test1" time="2.894" classname="samplePackage.SampleTest"/>
  <testcase name="test1" time="3.219" classname="samplePackage.SampleTest"/>
  <testcase name="test1" time="0.000" classname="samplePackage.SampleTest"/>
  <testcase name="test1" time="2.860" classname="samplePackage.SampleTest"/>
  <testcase name="test1" time="3.703" classname="samplePackage.SampleTest"/>
  <testcase name="test1" time="0.000" classname="samplePackage.SampleTest"/>
  <testcase name="test1" time="3.875" classname="samplePackage.SampleTest"/>
  <testcase name="test1" time="2.875" classname="samplePackage.SampleTest"/>
  <testcase name="test1" time="3.378" classname="samplePackage.SampleTest"/>
  <testcase name="test1" time="3.094" classname="samplePackage.SampleTest"/>
  <testcase name="test1" time="2.735" classname="samplePackage.SampleTest"/>
  <testcase name="test1" time="2.769" classname="samplePackage.SampleTest"/>
  <testcase name="test1" time="0.000" classname="samplePackage.SampleTest"/>
  <testcase name="test1" time="0.016" classname="samplePackage.SampleTest"/>
  <testcase name="test1" time="2.781" classname="samplePackage.SampleTest"/>
  <testcase name="test1" time="3.593" classname="samplePackage.SampleTest"/>
  <testcase name="test1" time="3.262" classname="samplePackage.SampleTest"/>
  <testcase name="test1" time="4.422" classname="samplePackage.SampleTest"/>
  <testcase name="test1" time="2.765" classname="samplePackage.SampleTest"/>
  <testcase name="test1" time="2.719" classname="samplePackage.SampleTest"/>
  <testcase name="test1" time="3.922" classname="samplePackage.SampleTest"/>
  <testcase name="test1" time="4.141" classname="samplePackage.SampleTest"/>
  <testcase name="test1" time="6.188" classname="samplePackage.SampleTest"/>
  <testcase name="test1" time="0.015" classname="samplePackage.SampleTest"/>
  <testcase name="test1" time="0.000" classname="samplePackage.SampleTest"/>
  <testcase name="test1" time="2.938" classname="samplePackage.SampleTest"/>
  <testcase name="test1" time="0.000" classname="samplePackage.SampleTest"/>
  <testcase name="test1" time="0.000" classname="samplePackage.SampleTest"/>
  <testcase name="test1" time="2.860" classname="samplePackage.SampleTest"/>
  <testcase name="test1" time="0.000" classname="samplePackage.SampleTest"/>
  <testcase name="test1" time="2.734" classname="samplePackage.SampleTest"/>
  <testcase name="test1" time="2.766" classname="samplePackage.SampleTest"/>
  <testcase name="test1" time="2.719" classname="samplePackage.SampleTest"/>
  <testcase name="test1" time="4.531" classname="samplePackage.SampleTest"/>
  <testcase name="test1" time="2.750" classname="samplePackage.SampleTest"/>
  <testcase name="test1" time="0.016" classname="samplePackage.SampleTest"/>
  <testcase name="test1" time="0.000" classname="samplePackage.SampleTest"/>
  <testcase name="test1" time="3.203" classname="samplePackage.SampleTest"/>
  <testcase name="test1" time="2.687" classname="samplePackage.SampleTest"/>
  <testcase name="test1" time="0.000" classname="samplePackage.SampleTest"/>
  <testcase name="test1" time="3.703" classname="samplePackage.SampleTest"/>
  <testcase name="test1" time="3.141" classname="samplePackage.SampleTest"/>
  <testcase name="test1" time="0.000" classname="samplePackage.SampleTest"/>
  <testcase name="test1" time="2.704" classname="samplePackage.SampleTest"/>
  <testcase name="test1" time="2.516" classname="samplePackage.SampleTest"/>
  <testcase name="test1" time="2.719" classname="samplePackage.SampleTest"/>
  <testcase name="test1" time="4.007" classname="samplePackage.SampleTest"/>
  <testcase name="test1" time="3.251" classname="samplePackage.SampleTest"/>
  <testcase name="test1" time="2.734" classname="samplePackage.SampleTest"/>
  <testcase name="test1" time="3.781" classname="samplePackage.SampleTest"/>
  <testcase name="test1" time="2.704" classname="samplePackage.SampleTest"/>
  <testcase name="test1" time="2.750" classname="samplePackage.SampleTest"/>
  <testcase name="test1" time="3.813" classname="samplePackage.SampleTest"/>
  <testcase name="test1" time="3.422" classname="samplePackage.SampleTest"/>
  <testcase name="test1" time="0.000" classname="samplePackage.SampleTest"/>
  <testcase name="test1" time="2.734" classname="samplePackage.SampleTest"/>
  <testcase name="test1" time="3.786" classname="samplePackage.SampleTest"/>
  <testcase name="test1" time="5.271" classname="samplePackage.SampleTest"/>
  <testcase name="test1" time="2.766" classname="samplePackage.SampleTest"/>
  <testcase name="test1" time="3.235" classname="samplePackage.SampleTest"/>
  <testcase name="test1" time="3.203" classname="samplePackage.SampleTest"/>
  <testcase name="test1" time="3.250" classname="samplePackage.SampleTest"/>
  <testcase name="test1" time="0.000" classname="samplePackage.SampleTest"/>
  <testcase name="test1" time="2.839" classname="samplePackage.SampleTest"/>
  <testcase name="test1" time="3.162" classname="samplePackage.SampleTest"/>
  <testcase name="test1" time="3.068" classname="samplePackage.SampleTest"/>
  <testcase name="test1" time="0.000" classname="samplePackage.SampleTest"/>
  <testcase name="test1" time="5.251" classname="samplePackage.SampleTest"/>
  <testcase name="test1" time="2.861" classname="samplePackage.SampleTest"/>
  <testcase name="test1" time="2.610" classname="samplePackage.SampleTest"/>
  <testcase name="test1" time="3.062" classname="samplePackage.SampleTest"/>
  <testcase name="test1" time="2.985" classname="samplePackage.SampleTest"/>
  <testcase name="test1" time="0.000" classname="samplePackage.SampleTest"/>
  <testcase name="test1" time="3.406" classname="samplePackage.SampleTest"/>
  <testcase name="test1" time="0.000" classname="samplePackage.SampleTest"/>
  <testcase name="test1" time="3.688" classname="samplePackage.SampleTest"/>
  <testcase name="test1" time="2.750" classname="samplePackage.SampleTest"/>
  <testcase name="test1" time="0.000" classname="samplePackage.SampleTest"/>
  <testcase name="test1" time="3.140" classname="samplePackage.SampleTest"/>
  <testcase name="test1" time="2.719" classname="samplePackage.SampleTest"/>
  <testcase name="test1" time="0.000" classname="samplePackage.SampleTest"/>
  <testcase name="test1" time="2.985" classname="samplePackage.SampleTest"/>
  <testcase name="test1" time="3.453" classname="samplePackage.SampleTest"/>
  <testcase name="test1" time="2.750" classname="samplePackage.SampleTest"/>
  <testcase name="test1" time="2.992" classname="samplePackage.SampleTest"/>
  <testcase name="test1" time="0.000" classname="samplePackage.SampleTest"/>
  <testcase name="test1" time="3.376" classname="samplePackage.SampleTest"/>
  <testcase name="test1" time="3.109" classname="samplePackage.SampleTest"/>
  <testcase name="test1" time="0.016" classname="samplePackage.SampleTest"/>
  <testcase name="test1" time="3.672" classname="samplePackage.SampleTest"/>
  <testcase name="test1" time="2.766" classname="samplePackage.SampleTest"/>
  <testcase name="test1" time="3.874" classname="samplePackage.SampleTest"/>
  <testcase name="test1" time="3.469" classname="samplePackage.SampleTest"/>
  <testcase name="test1" time="0.000" classname="samplePackage.SampleTest"/>
  <testcase name="test1" time="3.609" classname="samplePackage.SampleTest"/>
  <testcase name="test1" time="0.000" classname="samplePackage.SampleTest"/>
  <testcase name="test1" time="3.407" classname="samplePackage.SampleTest"/>
  <testcase name="test1" time="4.812" classname="samplePackage.SampleTest"/>
  <testcase name="test1" time="4.016" classname="samplePackage.SampleTest"/>
  <testcase name="test1" time="0.000" classname="samplePackage.SampleTest"/>
  <testcase name="test1" time="0.000" classname="samplePackage.SampleTest"/>
  <testcase name="test1" time="3.029" classname="samplePackage.SampleTest"/>
  <testcase name="test1" time="3.092" classname="samplePackage.SampleTest"/>
  <testcase name="test1" time="0.000" classname="samplePackage.SampleTest"/>
  <testcase name="test1" time="3.172" classname="samplePackage.SampleTest"/>
  <testcase name="test1" time="2.974" classname="samplePackage.SampleTest"/>
  <testcase name="test1" time="5.860" classname="samplePackage.SampleTest"/>
  <testcase name="test1" time="0.000" classname="samplePackage.SampleTest"/>
  <testcase name="test1" time="3.685" classname="samplePackage.SampleTest"/>
  <testcase name="test1" time="3.703" classname="samplePackage.SampleTest"/>
  <testcase name="test1" time="0.000" classname="samplePackage.SampleTest"/>
  <testcase name="test1" time="5.781" classname="samplePackage.SampleTest"/>
  <testcase name="test1" time="4.519" classname="samplePackage.SampleTest"/>
  <testcase name="test1" time="3.813" classname="samplePackage.SampleTest"/>
  <testcase name="test1" time="2.719" classname="samplePackage.SampleTest"/>
  <testcase name="test1" time="4.953" classname="samplePackage.SampleTest"/>
  <testcase name="test1" time="2.719" classname="samplePackage.SampleTest"/>
  <testcase name="test1" time="0.000" classname="samplePackage.SampleTest"/>
  <testcase name="test1" time="2.735" classname="samplePackage.SampleTest"/>
  <testcase name="test1" time="3.584" classname="samplePackage.SampleTest"/>
  <testcase name="test1" time="0.015" classname="samplePackage.SampleTest"/>
  <testcase name="test1" time="3.453" classname="samplePackage.SampleTest"/>
  <testcase name="test1" time="3.193" classname="samplePackage.SampleTest"/>
  <testcase name="test1" time="0.000" classname="samplePackage.SampleTest"/>
  <testcase name="test1" time="3.765" classname="samplePackage.SampleTest"/>
  <testcase name="test1" time="2.734" classname="samplePackage.SampleTest"/>
  <testcase name="test1" time="4.641" classname="samplePackage.SampleTest"/>
  <testcase name="test1" time="2.814" classname="samplePackage.SampleTest"/>
  <testcase name="test1" time="0.000" classname="samplePackage.SampleTest"/>
  <testcase name="test1" time="2.750" classname="samplePackage.SampleTest"/>
  <testcase name="test1" time="2.822" classname="samplePackage.SampleTest"/>
  <testcase name="test1" time="2.875" classname="samplePackage.SampleTest"/>
  <testcase name="test1" time="3.027" classname="samplePackage.SampleTest"/>
  <testcase name="test1" time="4.015" classname="samplePackage.SampleTest"/>
  <testcase name="test1" time="0.000" classname="samplePackage.SampleTest"/>
  <testcase name="test1" time="0.000" classname="samplePackage.SampleTest"/>
  <testcase name="test1" time="2.937" classname="samplePackage.SampleTest"/>
  <testcase name="test1" time="4.031" classname="samplePackage.SampleTest"/>
  <testcase name="test1" time="3.172" classname="samplePackage.SampleTest"/>
  <testcase name="test1" time="2.828" classname="samplePackage.SampleTest"/>
  <testcase name="test1" time="3.344" classname="samplePackage.SampleTest"/>
  <testcase name="test1" time="3.641" classname="samplePackage.SampleTest"/>
  <testcase name="test1" time="3.859" classname="samplePackage.SampleTest"/>
  <testcase name="test1" time="3.445" classname="samplePackage.SampleTest"/>
  <testcase name="test1" time="0.016" classname="samplePackage.SampleTest"/>
  <testcase name="test1" time="2.828" classname="samplePackage.SampleTest"/>
  <testcase name="test1" time="7.376" classname="samplePackage.SampleTest"/>
  <testcase name="test1" time="3.829" classname="samplePackage.SampleTest"/>
  <testcase name="test1" time="0.000" classname="samplePackage.SampleTest"/>
  <testcase name="test1" time="2.750" classname="samplePackage.SampleTest"/>
  <testcase name="test1" time="3.016" classname="samplePackage.SampleTest"/>
  <testcase name="test1" time="2.734" classname="samplePackage.SampleTest"/>
  <testcase name="test1" time="3.000" classname="samplePackage.SampleTest"/>
  <testcase name="test1" time="0.016" classname="samplePackage.SampleTest"/>
  <testcase name="test1" time="0.000" classname="samplePackage.SampleTest"/>
  <testcase name="test1" time="0.000" classname="samplePackage.SampleTest"/>
  <testcase name="test1" time="2.734" classname="samplePackage.SampleTest"/>
</testsuite> <!-- samplePackage.SampleTest -->
